TN:
SF:babel.config.js
FNF:0
FNH:0
DA:1,0
LF:1
LH:0
BRF:0
BRH:0
end_of_record
TN:
SF:coverage/lcov-report/block-navigation.js
FN:2,init
FN:24,toggleClass
FN:31,makeCurrent
FN:41,goToPrevious
FN:52,goToNext
FN:65,jump
FNF:6
FNH:0
FNDA:0,init
FNDA:0,toggleClass
FNDA:0,makeCurrent
FNDA:0,goToPrevious
FNDA:0,goToNext
FNDA:0,jump
DA:2,0
DA:4,0
DA:7,0
DA:10,0
DA:14,0
DA:20,0
DA:25,0
DA:28,0
DA:32,0
DA:33,0
DA:34,0
DA:42,0
DA:43,0
DA:44,0
DA:45,0
DA:46,0
DA:49,0
DA:53,0
DA:55,0
DA:59,0
DA:62,0
DA:65,0
DA:66,0
DA:69,0
DA:70,0
DA:74,0
DA:75,0
DA:79,0
LF:28
LH:0
BRDA:43,0,0,0
BRDA:43,0,1,0
BRDA:43,1,0,0
BRDA:43,1,1,0
BRDA:45,2,0,0
BRDA:45,2,1,0
BRDA:55,3,0,0
BRDA:55,3,1,0
BRDA:56,4,0,0
BRDA:56,4,1,0
BRDA:66,5,0,0
BRDA:66,5,1,0
BRDA:66,5,2,0
BRDA:66,5,3,0
BRDA:66,5,4,0
BRF:15
BRH:0
end_of_record
TN:
SF:coverage/lcov-report/prettify.js
FN:2,(anonymous_0)
FN:2,k
FN:2,ab
FN:2,T
FN:2,X
FN:2,(anonymous_5)
FN:2,W
FN:2,(anonymous_7)
FN:2,a
FN:2,aa
FN:2,B
FN:2,o
FN:2,g
FN:2,(anonymous_13)
FN:2,(anonymous_14)
FN:2,i
FN:2,Q
FN:2,ae
FN:2,ad
FN:2,ai
FN:2,D
FN:2,c
FN:2,q
FN:2,d
FN:2,y
FN:2,b
FN:2,Y
FN:2,(anonymous_27)
FN:2,U
FNF:29
FNH:0
FNDA:0,(anonymous_0)
FNDA:0,k
FNDA:0,ab
FNDA:0,T
FNDA:0,X
FNDA:0,(anonymous_5)
FNDA:0,W
FNDA:0,(anonymous_7)
FNDA:0,a
FNDA:0,aa
FNDA:0,B
FNDA:0,o
FNDA:0,g
FNDA:0,(anonymous_13)
FNDA:0,(anonymous_14)
FNDA:0,i
FNDA:0,Q
FNDA:0,ae
FNDA:0,ad
FNDA:0,ai
FNDA:0,D
FNDA:0,c
FNDA:0,q
FNDA:0,d
FNDA:0,y
FNDA:0,b
FNDA:0,Y
FNDA:0,(anonymous_27)
FNDA:0,U
DA:2,0
LF:1
LH:0
BRDA:2,0,0,0
BRDA:2,0,1,0
BRDA:2,1,0,0
BRDA:2,1,1,0
BRDA:2,2,0,0
BRDA:2,2,1,0
BRDA:2,3,0,0
BRDA:2,3,1,0
BRDA:2,4,0,0
BRDA:2,4,1,0
BRDA:2,5,0,0
BRDA:2,5,1,0
BRDA:2,6,0,0
BRDA:2,6,1,0
BRDA:2,7,0,0
BRDA:2,7,1,0
BRDA:2,8,0,0
BRDA:2,8,1,0
BRDA:2,9,0,0
BRDA:2,9,1,0
BRDA:2,10,0,0
BRDA:2,10,1,0
BRDA:2,11,0,0
BRDA:2,11,1,0
BRDA:2,11,2,0
BRDA:2,11,3,0
BRDA:2,12,0,0
BRDA:2,12,1,0
BRDA:2,13,0,0
BRDA:2,13,1,0
BRDA:2,14,0,0
BRDA:2,14,1,0
BRDA:2,15,0,0
BRDA:2,15,1,0
BRDA:2,16,0,0
BRDA:2,16,1,0
BRDA:2,17,0,0
BRDA:2,17,1,0
BRDA:2,18,0,0
BRDA:2,18,1,0
BRDA:2,19,0,0
BRDA:2,19,1,0
BRDA:2,20,0,0
BRDA:2,20,1,0
BRDA:2,21,0,0
BRDA:2,21,1,0
BRDA:2,22,0,0
BRDA:2,22,1,0
BRDA:2,23,0,0
BRDA:2,23,1,0
BRDA:2,24,0,0
BRDA:2,24,1,0
BRDA:2,25,0,0
BRDA:2,25,1,0
BRDA:2,26,0,0
BRDA:2,26,1,0
BRDA:2,27,0,0
BRDA:2,27,1,0
BRDA:2,28,0,0
BRDA:2,28,1,0
BRDA:2,29,0,0
BRDA:2,29,1,0
BRDA:2,30,0,0
BRDA:2,30,1,0
BRDA:2,31,0,0
BRDA:2,31,1,0
BRDA:2,32,0,0
BRDA:2,32,1,0
BRDA:2,33,0,0
BRDA:2,33,1,0
BRDA:2,34,0,0
BRDA:2,34,1,0
BRDA:2,35,0,0
BRDA:2,35,1,0
BRDA:2,36,0,0
BRDA:2,36,1,0
BRDA:2,37,0,0
BRDA:2,37,1,0
BRDA:2,38,0,0
BRDA:2,38,1,0
BRDA:2,39,0,0
BRDA:2,39,1,0
BRDA:2,40,0,0
BRDA:2,40,1,0
BRDA:2,41,0,0
BRDA:2,41,1,0
BRDA:2,42,0,0
BRDA:2,42,1,0
BRDA:2,43,0,0
BRDA:2,43,1,0
BRDA:2,44,0,0
BRDA:2,44,1,0
BRDA:2,45,0,0
BRDA:2,45,1,0
BRDA:2,46,0,0
BRDA:2,46,1,0
BRDA:2,47,0,0
BRDA:2,47,1,0
BRDA:2,48,0,0
BRDA:2,48,1,0
BRDA:2,49,0,0
BRDA:2,49,1,0
BRDA:2,50,0,0
BRDA:2,50,1,0
BRDA:2,50,2,0
BRDA:2,51,0,0
BRDA:2,51,1,0
BRDA:2,52,0,0
BRDA:2,52,1,0
BRDA:2,53,0,0
BRDA:2,53,1,0
BRDA:2,54,0,0
BRDA:2,54,1,0
BRDA:2,55,0,0
BRDA:2,55,1,0
BRDA:2,56,0,0
BRDA:2,56,1,0
BRDA:2,57,0,0
BRDA:2,57,1,0
BRDA:2,58,0,0
BRDA:2,58,1,0
BRDA:2,59,0,0
BRDA:2,59,1,0
BRDA:2,60,0,0
BRDA:2,60,1,0
BRDA:2,61,0,0
BRDA:2,61,1,0
BRDA:2,62,0,0
BRDA:2,62,1,0
BRDA:2,63,0,0
BRDA:2,63,1,0
BRDA:2,64,0,0
BRDA:2,64,1,0
BRDA:2,65,0,0
BRDA:2,65,1,0
BRDA:2,66,0,0
BRDA:2,66,1,0
BRDA:2,67,0,0
BRDA:2,67,1,0
BRDA:2,68,0,0
BRDA:2,68,1,0
BRDA:2,69,0,0
BRDA:2,69,1,0
BRDA:2,70,0,0
BRDA:2,70,1,0
BRDA:2,71,0,0
BRDA:2,71,1,0
BRDA:2,72,0,0
BRDA:2,72,1,0
BRDA:2,73,0,0
BRDA:2,73,1,0
BRDA:2,74,0,0
BRDA:2,74,1,0
BRDA:2,75,0,0
BRDA:2,75,1,0
BRDA:2,76,0,0
BRDA:2,76,1,0
BRDA:2,77,0,0
BRDA:2,77,1,0
BRDA:2,78,0,0
BRDA:2,78,1,0
BRDA:2,79,0,0
BRDA:2,79,1,0
BRDA:2,80,0,0
BRDA:2,80,1,0
BRDA:2,81,0,0
BRDA:2,81,1,0
BRDA:2,82,0,0
BRDA:2,82,1,0
BRDA:2,83,0,0
BRDA:2,83,1,0
BRDA:2,84,0,0
BRDA:2,84,1,0
BRDA:2,85,0,0
BRDA:2,85,1,0
BRDA:2,86,0,0
BRDA:2,86,1,0
BRDA:2,87,0,0
BRDA:2,87,1,0
BRDA:2,88,0,0
BRDA:2,88,1,0
BRDA:2,89,0,0
BRDA:2,89,1,0
BRDA:2,89,2,0
BRDA:2,90,0,0
BRDA:2,90,1,0
BRDA:2,91,0,0
BRDA:2,91,1,0
BRDA:2,92,0,0
BRDA:2,92,1,0
BRDA:2,93,0,0
BRDA:2,93,1,0
BRDA:2,94,0,0
BRDA:2,94,1,0
BRDA:2,95,0,0
BRDA:2,95,1,0
BRDA:2,96,0,0
BRDA:2,96,1,0
BRDA:2,97,0,0
BRDA:2,97,1,0
BRDA:2,98,0,0
BRDA:2,98,1,0
BRDA:2,99,0,0
BRDA:2,99,1,0
BRDA:2,100,0,0
BRDA:2,100,1,0
BRDA:2,101,0,0
BRDA:2,101,1,0
BRDA:2,102,0,0
BRDA:2,102,1,0
BRDA:2,103,0,0
BRDA:2,103,1,0
BRDA:2,104,0,0
BRDA:2,104,1,0
BRDA:2,105,0,0
BRDA:2,105,1,0
BRDA:2,106,0,0
BRDA:2,106,1,0
BRDA:2,107,0,0
BRDA:2,107,1,0
BRDA:2,108,0,0
BRDA:2,108,1,0
BRDA:2,109,0,0
BRDA:2,109,1,0
BRDA:2,110,0,0
BRDA:2,110,1,0
BRDA:2,111,0,0
BRDA:2,111,1,0
BRDA:2,112,0,0
BRDA:2,112,1,0
BRDA:2,113,0,0
BRDA:2,113,1,0
BRDA:2,114,0,0
BRDA:2,114,1,0
BRDA:2,115,0,0
BRDA:2,115,1,0
BRDA:2,116,0,0
BRDA:2,116,1,0
BRDA:2,117,0,0
BRDA:2,117,1,0
BRDA:2,118,0,0
BRDA:2,118,1,0
BRDA:2,119,0,0
BRDA:2,119,1,0
BRDA:2,120,0,0
BRDA:2,120,1,0
BRDA:2,121,0,0
BRDA:2,121,1,0
BRDA:2,122,0,0
BRDA:2,122,1,0
BRDA:2,123,0,0
BRDA:2,123,1,0
BRDA:2,124,0,0
BRDA:2,124,1,0
BRDA:2,125,0,0
BRDA:2,125,1,0
BRDA:2,126,0,0
BRDA:2,126,1,0
BRDA:2,127,0,0
BRDA:2,127,1,0
BRDA:2,128,0,0
BRDA:2,128,1,0
BRDA:2,128,2,0
BRDA:2,129,0,0
BRDA:2,129,1,0
BRDA:2,130,0,0
BRDA:2,130,1,0
BRDA:2,131,0,0
BRDA:2,131,1,0
BRDA:2,131,2,0
BRDA:2,131,3,0
BRDA:2,131,4,0
BRDA:2,132,0,0
BRDA:2,132,1,0
BRDA:2,133,0,0
BRDA:2,133,1,0
BRDA:2,134,0,0
BRDA:2,134,1,0
BRDA:2,135,0,0
BRDA:2,135,1,0
BRDA:2,136,0,0
BRDA:2,136,1,0
BRDA:2,137,0,0
BRDA:2,137,1,0
BRDA:2,138,0,0
BRDA:2,138,1,0
BRF:286
BRH:0
end_of_record
TN:
SF:coverage/lcov-report/sorter.js
FN:2,(anonymous_0)
FN:11,getTable
FN:15,getTableHeader
FN:19,getTableBody
FN:23,getNthColumn
FN:28,loadColumns
FN:53,loadRowData
FN:72,loadData
FN:81,sortByIndex
FN:83,(anonymous_9)
FN:95,(anonymous_10)
FN:112,removeSortIndicators
FN:120,addSortIndicators
FN:126,enableUI
FN:129,ithSorter
FN:132,(anonymous_15)
FN:159,(anonymous_16)
FNF:17
FNH:0
FNDA:0,(anonymous_0)
FNDA:0,getTable
FNDA:0,getTableHeader
FNDA:0,getTableBody
FNDA:0,getNthColumn
FNDA:0,loadColumns
FNDA:0,loadRowData
FNDA:0,loadData
FNDA:0,sortByIndex
FNDA:0,(anonymous_9)
FNDA:0,(anonymous_10)
FNDA:0,removeSortIndicators
FNDA:0,addSortIndicators
FNDA:0,enableUI
FNDA:0,ithSorter
FNDA:0,(anonymous_15)
FNDA:0,(anonymous_16)
DA:2,0
DA:5,0
DA:12,0
DA:16,0
DA:20,0
DA:24,0
DA:29,0
DA:31,0
DA:35,0
DA:36,0
DA:37,0
DA:42,0
DA:43,0
DA:44,0
DA:45,0
DA:49,0
DA:54,0
DA:57,0
DA:60,0
DA:61,0
DA:62,0
DA:63,0
DA:64,0
DA:65,0
DA:67,0
DA:69,0
DA:73,0
DA:76,0
DA:77,0
DA:82,0
DA:83,0
DA:84,0
DA:85,0
DA:86,0
DA:88,0
DA:89,0
DA:90,0
DA:91,0
DA:94,0
DA:95,0
DA:96,0
DA:100,0
DA:101,0
DA:102,0
DA:105,0
DA:107,0
DA:108,0
DA:113,0
DA:114,0
DA:116,0
DA:117,0
DA:121,0
DA:129,0
DA:130,0
DA:132,0
DA:133,0
DA:135,0
DA:136,0
DA:138,0
DA:139,0
DA:140,0
DA:141,0
DA:142,0
DA:145,0
DA:146,0
DA:149,0
DA:150,0
DA:151,0
DA:153,0
DA:159,0
DA:160,0
DA:161,0
DA:163,0
DA:164,0
DA:165,0
DA:166,0
DA:170,0
LF:77
LH:0
BRDA:40,0,0,0
BRDA:40,0,1,0
BRDA:43,1,0,0
BRDA:43,1,1,0
BRDA:64,2,0,0
BRDA:64,2,1,0
BRDA:86,3,0,0
BRDA:86,3,1,0
BRDA:86,4,0,0
BRDA:86,4,1,0
BRDA:94,5,0,0
BRDA:94,5,1,0
BRDA:121,6,0,0
BRDA:121,6,1,0
BRDA:135,7,0,0
BRDA:135,7,1,0
BRDA:146,8,0,0
BRDA:146,8,1,0
BRDA:150,9,0,0
BRDA:150,9,1,0
BRDA:160,10,0,0
BRDA:160,10,1,0
BRF:22
BRH:0
end_of_record
TN:
SF:dist/js/chunk-vendors.22d30cc7.js
FN:1,(anonymous_0)
FN:1,(anonymous_1)
FN:1,(anonymous_2)
FN:1,(anonymous_3)
FN:1,(anonymous_4)
FN:1,(anonymous_5)
FN:1,(anonymous_6)
FN:1,(anonymous_7)
FN:1,(anonymous_8)
FN:1,(anonymous_9)
FN:1,(anonymous_10)
FN:1,(anonymous_11)
FN:1,(anonymous_12)
FN:1,(anonymous_13)
FN:1,(anonymous_14)
FN:1,(anonymous_15)
FN:1,(anonymous_16)
FN:1,(anonymous_17)
FN:1,(anonymous_18)
FN:1,(anonymous_19)
FN:1,(anonymous_20)
FN:1,(anonymous_21)
FN:1,(anonymous_22)
FN:1,(anonymous_23)
FN:1,(anonymous_24)
FN:1,(anonymous_25)
FN:1,(anonymous_26)
FN:1,(anonymous_27)
FN:1,(anonymous_28)
FN:1,(anonymous_29)
FN:1,(anonymous_30)
FN:1,(anonymous_31)
FN:1,(anonymous_32)
FN:1,(anonymous_33)
FN:1,(anonymous_34)
FN:1,(anonymous_35)
FN:1,(anonymous_36)
FN:1,(anonymous_37)
FN:1,(anonymous_38)
FN:1,(anonymous_39)
FN:1,(anonymous_40)
FN:1,(anonymous_41)
FN:1,(anonymous_42)
FN:1,(anonymous_43)
FN:1,(anonymous_44)
FN:1,(anonymous_45)
FN:1,r
FN:1,i
FN:1,(anonymous_48)
FN:1,(anonymous_49)
FN:1,a
FN:1,u
FN:1,(anonymous_52)
FN:1,(anonymous_53)
FN:1,(anonymous_54)
FN:1,(anonymous_55)
FN:1,(anonymous_56)
FN:1,(anonymous_57)
FN:1,(anonymous_58)
FN:1,(anonymous_59)
FN:1,(anonymous_60)
FN:1,(anonymous_61)
FN:1,(anonymous_62)
FN:1,(anonymous_63)
FN:1,(anonymous_64)
FN:1,(anonymous_65)
FN:1,(anonymous_66)
FN:1,(anonymous_67)
FN:1,(anonymous_68)
FN:1,(anonymous_69)
FN:1,(anonymous_70)
FN:1,(anonymous_71)
FN:1,e
FN:1,u
FN:1,c
FN:1,(anonymous_75)
FN:1,t
FN:1,(anonymous_77)
FN:1,(anonymous_78)
FN:1,(anonymous_79)
FN:1,(anonymous_80)
FN:1,(anonymous_81)
FN:1,(anonymous_82)
FN:1,(anonymous_83)
FN:1,(anonymous_84)
FN:1,(anonymous_85)
FN:1,(anonymous_86)
FN:1,(anonymous_87)
FN:1,(anonymous_88)
FN:1,(anonymous_89)
FN:17,p
FN:17,(anonymous_91)
FN:17,t
FN:17,(anonymous_93)
FN:17,(anonymous_94)
FN:17,(anonymous_95)
FN:17,(anonymous_96)
FN:17,(anonymous_97)
FN:17,(anonymous_98)
FN:33,v
FN:33,(anonymous_100)
FN:33,(anonymous_101)
FN:33,(anonymous_102)
FN:33,t
FN:33,(anonymous_104)
FN:33,(anonymous_105)
FN:33,(anonymous_106)
FN:33,(anonymous_107)
FN:33,(anonymous_108)
FN:33,(anonymous_109)
FN:33,(anonymous_110)
FN:33,(anonymous_111)
FN:33,(anonymous_112)
FN:33,(anonymous_113)
FN:33,(anonymous_114)
FN:33,(anonymous_115)
FN:33,(anonymous_116)
FN:33,(anonymous_117)
FN:33,(anonymous_118)
FN:33,y
FN:33,(anonymous_120)
FN:33,(anonymous_121)
FN:49,b
FN:49,r
FN:66,L
FN:82,M
FN:82,F
FN:82,U
FN:82,(anonymous_128)
FN:82,(anonymous_129)
FN:82,V
FN:82,q
FN:82,B
FN:82,(anonymous_133)
FN:82,(anonymous_134)
FN:82,W
FN:82,K
FN:98,G
FN:98,(anonymous_138)
FN:98,(anonymous_139)
FN:98,(anonymous_140)
FN:114,H
FN:114,(anonymous_142)
FN:130,z
FN:146,Y
FN:146,X
FN:162,J
FN:178,tt
FN:178,et
FN:178,nt
FN:178,rt
FN:178,it
FN:178,st
FN:178,(anonymous_153)
FN:178,at
FN:194,pt
FN:194,(anonymous_156)
FN:194,dt
FN:194,(anonymous_158)
FN:194,(anonymous_159)
FN:194,vt
FN:194,(anonymous_161)
FN:194,(anonymous_162)
FN:194,gt
FN:194,(anonymous_164)
FN:194,(anonymous_165)
FN:210,yt
FN:210,(anonymous_167)
FN:210,(anonymous_168)
FN:210,(anonymous_169)
FN:210,mt
FN:210,bt
FN:210,_t
FN:210,(anonymous_173)
FN:210,(anonymous_174)
FN:210,wt
FN:210,(anonymous_176)
FN:210,(anonymous_177)
FN:210,Et
FN:210,(anonymous_179)
FN:210,Ot
FN:210,It
FN:226,Tt
FN:226,(anonymous_183)
FN:226,(anonymous_184)
FN:226,(anonymous_185)
FN:226,St
FN:242,Ct
FN:242,(anonymous_188)
FN:242,(anonymous_189)
FN:242,(anonymous_190)
FN:242,jt
FN:242,(anonymous_192)
FN:242,(anonymous_193)
FN:242,Nt
FN:242,(anonymous_195)
FN:242,At
FN:242,(anonymous_197)
FN:242,(anonymous_198)
FN:242,kt
FN:242,Pt
FN:242,Rt
FN:242,xt
FN:242,Dt
FN:258,Lt
FN:258,(anonymous_205)
FN:258,(anonymous_206)
FN:274,Mt
FN:274,(anonymous_208)
FN:274,(anonymous_209)
FN:274,Ft
FN:274,(anonymous_211)
FN:274,(anonymous_212)
FN:290,Ut
FN:290,(anonymous_214)
FN:290,(anonymous_215)
FN:290,(anonymous_216)
FN:290,Vt
FN:306,qt
FN:306,(anonymous_219)
FN:306,(anonymous_220)
FN:306,(anonymous_221)
FN:322,Bt
FN:322,(anonymous_223)
FN:338,Wt
FN:338,Kt
FN:354,Gt
FN:354,(anonymous_227)
FN:354,(anonymous_228)
FN:354,(anonymous_229)
FN:354,(anonymous_230)
FN:354,(anonymous_231)
FN:371,ae
FN:371,ue
FN:387,(anonymous_234)
FN:387,fe
FN:387,(anonymous_236)
FN:387,(anonymous_237)
FN:387,(anonymous_238)
FN:387,(anonymous_239)
FN:387,(anonymous_240)
FN:387,(anonymous_241)
FN:387,pe
FN:403,me
FN:403,(anonymous_244)
FN:403,be
FN:403,(anonymous_246)
FN:403,(anonymous_247)
FN:403,_e
FN:403,(anonymous_249)
FN:403,(anonymous_250)
FN:403,we
FN:403,(anonymous_252)
FN:403,(anonymous_253)
FN:403,Ee
FN:419,Oe
FN:419,(anonymous_256)
FN:419,(anonymous_257)
FN:419,Ie
FN:419,(anonymous_259)
FN:419,(anonymous_260)
FN:419,Te
FN:419,(anonymous_262)
FN:419,(anonymous_263)
FN:419,Se
FN:419,Ce
FN:419,(anonymous_266)
FN:419,(anonymous_267)
FN:419,je
FN:435,Ae
FN:435,(anonymous_270)
FN:435,(anonymous_271)
FN:435,ke
FN:435,(anonymous_273)
FN:435,(anonymous_274)
FN:435,Pe
FN:435,(anonymous_276)
FN:435,(anonymous_277)
FN:435,Re
FN:435,(anonymous_279)
FN:435,(anonymous_280)
FN:435,xe
FN:435,(anonymous_282)
FN:435,(anonymous_283)
FN:435,De
FN:451,Le
FN:451,Me
FN:451,Fe
FN:451,Ue
FN:467,Ve
FN:483,qe
FN:483,(anonymous_291)
FN:499,(anonymous_292)
FN:499,t
FN:499,(anonymous_294)
FN:499,(anonymous_295)
FN:499,(anonymous_296)
FN:499,(anonymous_297)
FN:499,(anonymous_298)
FN:499,(anonymous_299)
FN:499,(anonymous_300)
FN:499,(anonymous_301)
FN:499,(anonymous_302)
FN:499,(anonymous_303)
FN:499,(anonymous_304)
FN:499,(anonymous_305)
FN:499,(anonymous_306)
FN:499,(anonymous_307)
FN:499,(anonymous_308)
FN:499,(anonymous_309)
FN:499,(anonymous_310)
FN:499,(anonymous_311)
FN:499,(anonymous_312)
FN:499,(anonymous_313)
FN:499,(anonymous_314)
FN:499,(anonymous_315)
FN:499,(anonymous_316)
FN:499,(anonymous_317)
FN:499,(anonymous_318)
FN:499,We
FN:499,Ke
FN:499,Ge
FN:499,(anonymous_322)
FN:499,(anonymous_323)
FN:499,He
FN:499,(anonymous_325)
FN:499,ze
FN:499,Qe
FN:499,$e
FN:499,Ye
FN:515,(anonymous_330)
FN:515,t
FN:515,(anonymous_332)
FN:515,(anonymous_333)
FN:515,(anonymous_334)
FN:515,(anonymous_335)
FN:515,(anonymous_336)
FN:515,(anonymous_337)
FN:515,(anonymous_338)
FN:515,(anonymous_339)
FN:515,(anonymous_340)
FN:515,(anonymous_341)
FN:515,(anonymous_342)
FN:515,(anonymous_343)
FN:515,(anonymous_344)
FN:515,(anonymous_345)
FN:515,(anonymous_346)
FN:515,(anonymous_347)
FN:515,(anonymous_348)
FN:515,(anonymous_349)
FN:515,(anonymous_350)
FN:515,(anonymous_351)
FN:515,(anonymous_352)
FN:515,(anonymous_353)
FN:515,(anonymous_354)
FN:515,(anonymous_355)
FN:515,(anonymous_356)
FN:515,(anonymous_357)
FN:515,(anonymous_358)
FN:515,(anonymous_359)
FN:515,(anonymous_360)
FN:515,(anonymous_361)
FN:515,(anonymous_362)
FN:515,(anonymous_363)
FN:515,(anonymous_364)
FN:515,(anonymous_365)
FN:515,(anonymous_366)
FN:515,(anonymous_367)
FN:515,(anonymous_368)
FN:515,Je
FN:515,Ze
FN:531,tn
FN:531,en
FN:547,rn
FN:547,sn
FN:547,an
FN:547,un
FN:563,(anonymous_377)
FN:563,e
FN:563,(anonymous_379)
FN:563,(anonymous_380)
FN:563,(anonymous_381)
FN:563,(anonymous_382)
FN:563,vn
FN:563,gn
FN:563,yn
FN:563,mn
FN:563,bn
FN:563,_n
FN:563,wn
FN:563,En
FN:563,On
FN:563,In
FN:563,Tn
FN:563,Sn
FN:563,Cn
FN:563,jn
FN:563,Nn
FN:563,An
FN:563,kn
FN:563,Pn
FN:563,Rn
FN:579,(anonymous_402)
FN:579,t
FN:579,Ln
FN:579,Mn
FN:579,Fn
FN:579,Un
FN:579,(anonymous_408)
FN:579,t
FN:579,qn
FN:579,Bn
FN:579,Wn
FN:595,Qn
FN:611,(anonymous_414)
FN:628,(anonymous_415)
FN:628,t
FN:628,(anonymous_417)
FN:628,(anonymous_418)
FN:628,(anonymous_419)
FN:628,(anonymous_420)
FN:628,(anonymous_421)
FN:628,(anonymous_422)
FN:628,(anonymous_423)
FN:628,(anonymous_424)
FN:628,(anonymous_425)
FN:628,(anonymous_426)
FN:628,(anonymous_427)
FN:628,(anonymous_428)
FN:628,(anonymous_429)
FN:628,t
FN:628,(anonymous_431)
FN:661,Xn
FN:661,Jn
FN:661,Zn
FN:661,tr
FN:661,er
FN:661,nr
FN:661,rr
FN:677,ir
FN:677,or
FN:677,sr
FN:693,(anonymous_442)
FN:693,t
FN:693,(anonymous_444)
FN:693,(anonymous_445)
FN:693,(anonymous_446)
FN:693,(anonymous_447)
FN:693,(anonymous_448)
FN:693,(anonymous_449)
FN:693,(anonymous_450)
FN:693,(anonymous_451)
FN:693,(anonymous_452)
FN:693,(anonymous_453)
FN:693,t
FN:693,(anonymous_455)
FN:693,(anonymous_456)
FN:693,(anonymous_457)
FN:693,(anonymous_458)
FN:693,(anonymous_459)
FN:693,(anonymous_460)
FN:693,i
FN:693,u
FN:726,cr
FN:742,lr
FN:742,hr
FN:742,(anonymous_466)
FN:742,fr
FN:758,pr
FN:758,dr
FN:774,vr
FN:774,(anonymous_471)
FN:774,t
FN:774,mr
FN:774,br
FN:774,e
FN:774,r
FN:774,_r
FN:774,n
FN:774,wr
FN:774,Er
FN:774,Or
FN:774,(anonymous_482)
FN:774,Ir
FN:790,Cr
FN:790,jr
FN:790,(anonymous_486)
FN:790,t
FN:806,Ar
FN:806,kr
FN:806,n
FN:806,Pr
FN:806,n
FN:806,Rr
FN:806,n
FN:806,xr
FN:806,e
FN:806,Dr
FN:806,n
FN:806,Lr
FN:806,Mr
FN:806,Fr
FN:806,Ur
FN:806,Vr
FN:806,s
FN:806,qr
FN:806,Br
FN:806,Wr
FN:806,a
FN:806,(anonymous_509)
FN:806,t
FN:806,Gr
FN:806,Hr
FN:806,p
FN:806,zr
FN:806,o
FN:806,$r
FN:806,g
FN:822,(anonymous_518)
FN:822,t
FN:822,(anonymous_520)
FN:822,t
FN:839,Jr
FN:839,(anonymous_523)
FN:839,(anonymous_524)
FN:855,(anonymous_525)
FN:855,t
FN:855,(anonymous_527)
FN:855,(anonymous_528)
FN:855,(anonymous_529)
FN:855,(anonymous_530)
FN:855,(anonymous_531)
FN:855,(anonymous_532)
FN:855,(anonymous_533)
FN:855,(anonymous_534)
FN:855,(anonymous_535)
FN:855,(anonymous_536)
FN:855,(anonymous_537)
FN:855,(anonymous_538)
FN:855,(anonymous_539)
FN:855,(anonymous_540)
FN:855,(anonymous_541)
FN:855,(anonymous_542)
FN:855,(anonymous_543)
FN:855,(anonymous_544)
FN:855,(anonymous_545)
FN:855,(anonymous_546)
FN:855,(anonymous_547)
FN:855,(anonymous_548)
FN:855,(anonymous_549)
FN:855,(anonymous_550)
FN:855,(anonymous_551)
FN:855,(anonymous_552)
FN:855,(anonymous_553)
FN:855,(anonymous_554)
FN:855,(anonymous_555)
FN:855,(anonymous_556)
FN:855,(anonymous_557)
FN:855,(anonymous_558)
FN:855,(anonymous_559)
FN:855,(anonymous_560)
FN:855,(anonymous_561)
FN:855,(anonymous_562)
FN:855,(anonymous_563)
FN:855,(anonymous_564)
FN:855,(anonymous_565)
FN:855,(anonymous_566)
FN:855,(anonymous_567)
FN:855,(anonymous_568)
FN:855,(anonymous_569)
FN:855,(anonymous_570)
FN:855,t
FN:855,(anonymous_572)
FN:855,(anonymous_573)
FN:855,(anonymous_574)
FN:855,(anonymous_575)
FN:855,(anonymous_576)
FN:855,(anonymous_577)
FN:855,(anonymous_578)
FN:855,(anonymous_579)
FN:855,(anonymous_580)
FN:871,ei
FN:871,ni
FN:871,ri
FN:871,(anonymous_584)
FN:871,ii
FN:871,(anonymous_586)
FN:871,(anonymous_587)
FN:871,oi
FN:871,(anonymous_589)
FN:871,(anonymous_590)
FN:871,si
FN:871,(anonymous_592)
FN:871,(anonymous_593)
FN:871,ai
FN:871,(anonymous_595)
FN:871,(anonymous_596)
FN:871,ui
FN:871,(anonymous_598)
FN:871,(anonymous_599)
FN:871,(anonymous_600)
FN:871,ci
FN:871,(anonymous_602)
FN:871,(anonymous_603)
FN:871,li
FN:887,(anonymous_605)
FN:887,t
FN:887,(anonymous_607)
FN:887,(anonymous_608)
FN:887,(anonymous_609)
FN:887,(anonymous_610)
FN:887,(anonymous_611)
FN:887,t
FN:887,(anonymous_613)
FN:887,(anonymous_614)
FN:887,(anonymous_615)
FN:887,(anonymous_616)
FN:887,(anonymous_617)
FN:887,(anonymous_618)
FN:887,(anonymous_619)
FN:887,t
FN:887,(anonymous_621)
FN:887,(anonymous_622)
FN:887,(anonymous_623)
FN:887,(anonymous_624)
FN:887,(anonymous_625)
FN:887,(anonymous_626)
FN:887,t
FN:887,(anonymous_628)
FN:887,(anonymous_629)
FN:887,(anonymous_630)
FN:887,(anonymous_631)
FN:887,(anonymous_632)
FN:887,(anonymous_633)
FN:887,(anonymous_634)
FN:887,(anonymous_635)
FN:887,(anonymous_636)
FN:887,(anonymous_637)
FN:887,(anonymous_638)
FN:887,(anonymous_639)
FN:887,(anonymous_640)
FN:887,(anonymous_641)
FN:887,(anonymous_642)
FN:887,(anonymous_643)
FN:887,(anonymous_644)
FN:887,(anonymous_645)
FN:887,(anonymous_646)
FN:887,t
FN:887,(anonymous_648)
FN:887,(anonymous_649)
FN:920,gi
FN:920,u
FN:920,l
FN:920,h
FN:920,(anonymous_654)
FN:920,f
FN:920,d
FN:920,(anonymous_657)
FN:920,yi
FN:936,(anonymous_659)
FN:936,t
FN:936,(anonymous_661)
FN:936,(anonymous_662)
FN:936,e
FN:936,(anonymous_664)
FN:936,i
FN:936,n
FN:936,(anonymous_667)
FN:936,(anonymous_668)
FN:936,(anonymous_669)
FN:936,(anonymous_670)
FN:936,t
FN:936,_i
FN:936,wi
FN:936,Ei
FN:936,Oi
FN:952,Ii
FN:952,Ti
FN:952,Si
FN:952,Ci
FN:952,ji
FN:952,(anonymous_681)
FN:952,t
FN:952,(anonymous_683)
FN:952,(anonymous_684)
FN:952,(anonymous_685)
FN:952,(anonymous_686)
FN:952,(anonymous_687)
FN:952,(anonymous_688)
FN:952,(anonymous_689)
FN:952,(anonymous_690)
FN:952,(anonymous_691)
FN:952,(anonymous_692)
FN:952,(anonymous_693)
FN:952,(anonymous_694)
FN:952,(anonymous_695)
FN:952,(anonymous_696)
FN:952,t
FN:952,(anonymous_698)
FN:952,(anonymous_699)
FN:952,(anonymous_700)
FN:952,(anonymous_701)
FN:952,(anonymous_702)
FN:952,(anonymous_703)
FN:952,(anonymous_704)
FN:968,xi
FN:968,Di
FN:968,(anonymous_707)
FN:968,t
FN:968,(anonymous_709)
FN:968,(anonymous_710)
FN:968,(anonymous_711)
FN:968,(anonymous_712)
FN:968,(anonymous_713)
FN:968,(anonymous_714)
FN:968,(anonymous_715)
FN:968,(anonymous_716)
FN:968,(anonymous_717)
FN:968,(anonymous_718)
FN:968,oo
FN:984,so
FN:1000,(anonymous_721)
FN:1000,t
FN:1000,(anonymous_723)
FN:1000,(anonymous_724)
FN:1000,(anonymous_725)
FN:1000,(anonymous_726)
FN:1000,(anonymous_727)
FN:1016,lo
FN:1016,(anonymous_729)
FN:1016,ho
FN:1016,fo
FN:1016,(anonymous_732)
FN:1032,(anonymous_733)
FN:1032,mo
FN:1032,bo
FN:1032,_o
FN:1032,wo
FN:1032,(anonymous_738)
FN:1032,Eo
FN:1048,So
FN:1048,(anonymous_741)
FN:1048,(anonymous_742)
FN:1048,Co
FN:1048,jo
FN:1048,Ao
FN:1048,(anonymous_746)
FN:1048,(anonymous_747)
FN:1048,(anonymous_748)
FN:1048,ko
FN:1048,Po
FN:1048,Ro
FN:1064,Lo
FN:1064,Mo
FN:1064,Fo
FN:1064,(anonymous_755)
FN:1064,(anonymous_756)
FN:1064,(anonymous_757)
FN:1064,(anonymous_758)
FN:1064,Uo
FN:1064,(anonymous_760)
FN:1064,(anonymous_761)
FN:1064,Vo
FN:1080,Qo
FN:1080,$o
FN:1080,(anonymous_765)
FN:1080,Yo
FN:1080,(anonymous_767)
FN:1080,(anonymous_768)
FN:1080,Xo
FN:1080,(anonymous_770)
FN:1080,(anonymous_771)
FN:1080,Jo
FN:1080,Zo
FN:1080,ts
FN:1080,(anonymous_775)
FN:1096,es
FN:1096,ns
FN:1096,(anonymous_778)
FN:1096,(anonymous_779)
FN:1096,rs
FN:1096,(anonymous_781)
FN:1096,is
FN:1096,(anonymous_783)
FN:1096,os
FN:1096,ss
FN:1096,as
FN:1096,us
FN:1112,fs
FN:1112,ps
FN:1128,(anonymous_790)
FN:1128,t
FN:1128,(anonymous_792)
FN:1128,(anonymous_793)
FN:1128,(anonymous_794)
FN:1128,(anonymous_795)
FN:1128,(anonymous_796)
FN:1128,(anonymous_797)
FN:1128,(anonymous_798)
FN:1128,(anonymous_799)
FN:1128,(anonymous_800)
FN:1128,(anonymous_801)
FN:1128,(anonymous_802)
FN:1128,(anonymous_803)
FN:1128,(anonymous_804)
FN:1128,(anonymous_805)
FN:1128,(anonymous_806)
FN:1128,(anonymous_807)
FN:1128,(anonymous_808)
FN:1144,vs
FN:1160,ys
FN:1160,(anonymous_811)
FN:1160,(anonymous_812)
FN:1160,(anonymous_813)
FN:1160,ms
FN:1160,bs
FN:1160,(anonymous_816)
FN:1160,(anonymous_817)
FN:1160,_s
FN:1160,ws
FN:1176,(anonymous_820)
FN:1176,t
FN:1176,(anonymous_822)
FN:1176,(anonymous_823)
FN:1176,(anonymous_824)
FN:1176,(anonymous_825)
FN:1176,(anonymous_826)
FN:1176,(anonymous_827)
FN:1176,(anonymous_828)
FN:1192,Is
FN:1192,(anonymous_830)
FN:1192,(anonymous_831)
FN:1226,Ps
FN:1226,(anonymous_833)
FN:1226,(anonymous_834)
FN:1226,Rs
FN:1226,(anonymous_836)
FN:1226,(anonymous_837)
FN:1226,xs
FN:1226,(anonymous_839)
FN:1226,(anonymous_840)
FN:1226,Ds
FN:1226,(anonymous_842)
FN:1226,(anonymous_843)
FN:1226,Ls
FN:1226,(anonymous_845)
FN:1226,(anonymous_846)
FN:1242,(anonymous_847)
FN:1242,(anonymous_848)
FN:1258,Us
FN:1258,Vs
FN:1258,qs
FN:1258,(anonymous_852)
FN:1258,(anonymous_853)
FN:1258,(anonymous_854)
FN:1258,Bs
FN:1258,(anonymous_856)
FN:1258,(anonymous_857)
FN:1258,(anonymous_858)
FN:1258,(anonymous_859)
FN:1258,Ws
FN:1258,o
FN:1258,(anonymous_862)
FN:1258,(anonymous_863)
FN:1258,Ks
FN:1258,(anonymous_865)
FN:1258,Gs
FN:1274,(anonymous_867)
FN:1274,t
FN:1274,(anonymous_869)
FN:1274,(anonymous_870)
FN:1274,(anonymous_871)
FN:1274,Js
FN:1274,Zs
FN:1274,(anonymous_874)
FN:1274,(anonymous_875)
FN:1274,ta
FN:1274,(anonymous_877)
FN:1274,(anonymous_878)
FN:1274,(anonymous_879)
FN:1274,(anonymous_880)
FN:1274,(anonymous_881)
FN:1274,ea
FN:1274,(anonymous_883)
FN:1274,(anonymous_884)
FN:1274,na
FN:1274,(anonymous_886)
FN:1274,(anonymous_887)
FN:1274,ra
FN:1274,(anonymous_889)
FN:1274,t
FN:1274,(anonymous_891)
FN:1274,(anonymous_892)
FN:1274,(anonymous_893)
FN:1290,oa
FN:1290,(anonymous_895)
FN:1290,(anonymous_896)
FN:1290,sa
FN:1290,(anonymous_898)
FN:1290,(anonymous_899)
FN:1290,(anonymous_900)
FN:1290,(anonymous_901)
FN:1290,(anonymous_902)
FN:1306,va
FN:1306,ga
FN:1306,(anonymous_905)
FN:1306,ya
FN:1306,(anonymous_907)
FN:1306,(anonymous_908)
FN:1306,(anonymous_909)
FN:1306,(anonymous_910)
FN:1306,(anonymous_911)
FN:1306,(anonymous_912)
FN:1306,(anonymous_913)
FN:1306,(anonymous_914)
FN:1306,(anonymous_915)
FN:1306,(anonymous_916)
FN:1306,(anonymous_917)
FN:1306,wa
FN:1306,e
FN:1306,(anonymous_920)
FN:1306,Ea
FN:1306,(anonymous_922)
FN:1306,(anonymous_923)
FN:1322,(anonymous_924)
FN:1322,t
FN:1322,(anonymous_926)
FN:1322,(anonymous_927)
FN:1322,(anonymous_928)
FN:1322,(anonymous_929)
FN:1338,Ca
FN:1354,ja
FN:1370,(anonymous_932)
FN:1370,t
FN:1370,(anonymous_934)
FN:1370,(anonymous_935)
FN:1370,(anonymous_936)
FN:1370,(anonymous_937)
FN:1370,(anonymous_938)
FN:1370,(anonymous_939)
FN:1370,t
FN:1370,(anonymous_941)
FN:1370,(anonymous_942)
FN:1370,(anonymous_943)
FN:1370,(anonymous_944)
FN:1370,t
FN:1370,(anonymous_946)
FN:1370,(anonymous_947)
FN:1370,(anonymous_948)
FN:1370,(anonymous_949)
FN:1370,(anonymous_950)
FN:1370,t
FN:1370,(anonymous_952)
FN:1370,(anonymous_953)
FN:1370,(anonymous_954)
FN:1370,(anonymous_955)
FN:1370,(anonymous_956)
FN:1370,(anonymous_957)
FN:1370,(anonymous_958)
FN:1370,(anonymous_959)
FN:1370,(anonymous_960)
FN:1370,(anonymous_961)
FN:1370,(anonymous_962)
FN:1370,(anonymous_963)
FN:1370,(anonymous_964)
FN:1370,(anonymous_965)
FN:1370,(anonymous_966)
FN:1370,(anonymous_967)
FN:1370,(anonymous_968)
FN:1370,(anonymous_969)
FN:1370,(anonymous_970)
FN:1370,(anonymous_971)
FN:1370,(anonymous_972)
FN:1370,(anonymous_973)
FN:1370,(anonymous_974)
FN:1386,Ua
FN:1402,Va
FN:1402,Ka
FN:1402,(anonymous_978)
FN:1402,(anonymous_979)
FN:1402,(anonymous_980)
FN:1402,(anonymous_981)
FN:1402,(anonymous_982)
FN:1402,t
FN:1402,(anonymous_984)
FN:1402,(anonymous_985)
FN:1402,(anonymous_986)
FN:1402,(anonymous_987)
FN:1402,(anonymous_988)
FN:1402,(anonymous_989)
FN:1402,(anonymous_990)
FN:1402,(anonymous_991)
FN:1402,(anonymous_992)
FN:1402,(anonymous_993)
FN:1402,(anonymous_994)
FN:1402,(anonymous_995)
FN:1402,(anonymous_996)
FN:1402,(anonymous_997)
FN:1402,(anonymous_998)
FN:1402,(anonymous_999)
FN:1402,(anonymous_1000)
FN:1402,(anonymous_1001)
FN:1402,(anonymous_1002)
FN:1402,(anonymous_1003)
FN:1402,(anonymous_1004)
FN:1402,(anonymous_1005)
FN:1402,(anonymous_1006)
FN:1402,(anonymous_1007)
FN:1402,(anonymous_1008)
FN:1402,(anonymous_1009)
FN:1402,(anonymous_1010)
FN:1402,(anonymous_1011)
FN:1402,(anonymous_1012)
FN:1402,(anonymous_1013)
FN:1402,(anonymous_1014)
FN:1402,(anonymous_1015)
FN:1402,(anonymous_1016)
FN:1402,t
FN:1402,(anonymous_1018)
FN:1402,(anonymous_1019)
FN:1402,(anonymous_1020)
FN:1402,(anonymous_1021)
FN:1402,(anonymous_1022)
FN:1402,(anonymous_1023)
FN:1402,(anonymous_1024)
FN:1402,(anonymous_1025)
FN:1402,(anonymous_1026)
FN:1435,za
FN:1435,(anonymous_1028)
FN:1435,(anonymous_1029)
FN:1435,Qa
FN:1435,(anonymous_1031)
FN:1435,t
FN:1435,(anonymous_1033)
FN:1435,(anonymous_1034)
FN:1435,(anonymous_1035)
FN:1435,(anonymous_1036)
FN:1435,(anonymous_1037)
FN:1435,(anonymous_1038)
FN:1452,Ja
FN:1452,e
FN:1486,(anonymous_1041)
FN:1486,(anonymous_1042)
FN:1486,(anonymous_1043)
FN:1486,(anonymous_1044)
FN:1486,(anonymous_1045)
FN:1486,(anonymous_1046)
FN:1486,(anonymous_1047)
FN:1486,(anonymous_1048)
FN:1486,(anonymous_1049)
FN:1486,(anonymous_1050)
FN:1486,(anonymous_1051)
FN:1486,(anonymous_1052)
FN:1486,(anonymous_1053)
FN:1486,(anonymous_1054)
FN:1486,(anonymous_1055)
FN:1486,(anonymous_1056)
FN:1486,(anonymous_1057)
FN:1486,(anonymous_1058)
FN:1486,(anonymous_1059)
FN:1486,(anonymous_1060)
FN:1486,(anonymous_1061)
FN:1486,(anonymous_1062)
FN:1486,(anonymous_1063)
FN:1486,(anonymous_1064)
FN:1486,(anonymous_1065)
FN:1486,(anonymous_1066)
FN:1486,(anonymous_1067)
FN:1486,(anonymous_1068)
FN:1486,(anonymous_1069)
FN:1486,(anonymous_1070)
FN:1486,(anonymous_1071)
FN:1486,(anonymous_1072)
FN:1486,r
FN:1486,(anonymous_1074)
FN:1486,(anonymous_1075)
FN:1486,(anonymous_1076)
FN:1486,(anonymous_1077)
FN:1486,(anonymous_1078)
FN:1486,(anonymous_1079)
FN:1486,(anonymous_1080)
FN:1486,(anonymous_1081)
FN:1486,(anonymous_1082)
FN:1486,(anonymous_1083)
FN:1486,(anonymous_1084)
FN:1486,(anonymous_1085)
FN:1486,(anonymous_1086)
FN:1486,(anonymous_1087)
FN:1486,(anonymous_1088)
FN:1486,(anonymous_1089)
FN:1486,(anonymous_1090)
FN:1486,(anonymous_1091)
FN:1486,(anonymous_1092)
FN:1486,(anonymous_1093)
FN:1486,l
FN:1486,h
FN:1486,f
FN:1486,(anonymous_1097)
FN:1486,(anonymous_1098)
FN:1486,(anonymous_1099)
FN:1486,(anonymous_1100)
FN:1486,(anonymous_1101)
FN:1486,(anonymous_1102)
FN:1486,(anonymous_1103)
FN:1486,(anonymous_1104)
FN:1486,(anonymous_1105)
FN:1486,(anonymous_1106)
FN:1486,(anonymous_1107)
FN:1486,(anonymous_1108)
FN:1486,(anonymous_1109)
FN:1486,(anonymous_1110)
FN:1486,(anonymous_1111)
FN:1486,(anonymous_1112)
FN:1486,(anonymous_1113)
FN:1486,(anonymous_1114)
FN:1486,(anonymous_1115)
FN:1486,(anonymous_1116)
FN:1486,(anonymous_1117)
FN:1486,(anonymous_1118)
FN:1486,(anonymous_1119)
FN:1486,(anonymous_1120)
FN:1486,(anonymous_1121)
FN:1486,(anonymous_1122)
FN:1486,(anonymous_1123)
FN:1486,(anonymous_1124)
FN:1486,(anonymous_1125)
FN:1486,(anonymous_1126)
FN:1486,(anonymous_1127)
FN:1486,(anonymous_1128)
FN:1486,(anonymous_1129)
FN:1486,(anonymous_1130)
FN:1486,(anonymous_1131)
FN:1486,(anonymous_1132)
FN:1486,(anonymous_1133)
FN:1486,(anonymous_1134)
FN:1486,(anonymous_1135)
FN:1486,(anonymous_1136)
FN:1486,(anonymous_1137)
FN:1486,(anonymous_1138)
FN:1486,(anonymous_1139)
FN:1486,(anonymous_1140)
FN:1486,(anonymous_1141)
FN:1486,(anonymous_1142)
FN:1486,(anonymous_1143)
FN:1486,(anonymous_1144)
FN:1486,(anonymous_1145)
FN:1486,(anonymous_1146)
FN:1486,(anonymous_1147)
FN:1486,(anonymous_1148)
FN:1486,(anonymous_1149)
FN:1486,(anonymous_1150)
FN:1486,(anonymous_1151)
FN:1486,(anonymous_1152)
FN:1486,(anonymous_1153)
FN:1486,(anonymous_1154)
FN:1486,(anonymous_1155)
FN:1486,(anonymous_1156)
FN:1486,(anonymous_1157)
FN:1486,(anonymous_1158)
FN:1486,(anonymous_1159)
FN:1486,(anonymous_1160)
FN:1486,(anonymous_1161)
FN:1486,(anonymous_1162)
FN:1486,(anonymous_1163)
FN:1486,(anonymous_1164)
FN:1486,(anonymous_1165)
FN:1486,(anonymous_1166)
FN:1486,(anonymous_1167)
FN:1486,(anonymous_1168)
FN:1486,(anonymous_1169)
FN:1486,(anonymous_1170)
FN:1486,(anonymous_1171)
FN:1486,(anonymous_1172)
FN:1486,(anonymous_1173)
FN:1486,(anonymous_1174)
FN:1486,(anonymous_1175)
FN:1486,(anonymous_1176)
FN:1486,(anonymous_1177)
FN:1486,(anonymous_1178)
FN:1486,(anonymous_1179)
FN:1486,(anonymous_1180)
FN:1486,(anonymous_1181)
FN:1486,(anonymous_1182)
FN:1486,(anonymous_1183)
FN:1486,(anonymous_1184)
FN:1486,(anonymous_1185)
FN:1486,(anonymous_1186)
FN:1486,(anonymous_1187)
FN:1486,(anonymous_1188)
FN:1486,(anonymous_1189)
FN:1486,(anonymous_1190)
FN:1486,(anonymous_1191)
FN:1486,(anonymous_1192)
FN:1486,(anonymous_1193)
FN:1486,(anonymous_1194)
FN:1486,(anonymous_1195)
FN:1486,(anonymous_1196)
FN:1491,a
FN:1491,(anonymous_1198)
FN:1491,(anonymous_1199)
FN:1491,(anonymous_1200)
FN:1491,u
FN:1491,(anonymous_1202)
FN:1491,c
FN:1491,l
FN:1491,h
FN:1491,f
FN:1491,(anonymous_1207)
FN:1491,(anonymous_1208)
FN:1491,(anonymous_1209)
FN:1491,(anonymous_1210)
FN:1491,(anonymous_1211)
FN:1491,(anonymous_1212)
FN:1491,(anonymous_1213)
FN:1491,(anonymous_1214)
FN:1491,(anonymous_1215)
FN:1491,(anonymous_1216)
FN:1491,(anonymous_1217)
FN:1491,(anonymous_1218)
FN:1491,(anonymous_1219)
FN:1491,g
FN:1491,(anonymous_1221)
FN:1491,(anonymous_1222)
FN:1491,(anonymous_1223)
FN:1491,(anonymous_1224)
FN:1491,(anonymous_1225)
FN:1491,(anonymous_1226)
FN:1491,(anonymous_1227)
FN:1491,(anonymous_1228)
FN:1491,(anonymous_1229)
FN:1491,(anonymous_1230)
FN:1491,(anonymous_1231)
FN:1491,_
FN:1491,(anonymous_1233)
FN:1491,(anonymous_1234)
FN:1491,w
FN:1491,E
FN:1491,t
FN:1491,(anonymous_1238)
FN:1491,(anonymous_1239)
FN:1491,(anonymous_1240)
FN:1491,T
FN:1491,(anonymous_1242)
FN:1491,S
FN:1491,C
FN:1491,(anonymous_1245)
FN:1491,(anonymous_1246)
FN:1491,(anonymous_1247)
FN:1491,j
FN:1491,(anonymous_1249)
FN:1491,(anonymous_1250)
FN:1491,(anonymous_1251)
FN:1491,(anonymous_1252)
FN:1491,(anonymous_1253)
FN:1491,N
FN:1491,(anonymous_1255)
FN:1491,(anonymous_1256)
FN:1491,(anonymous_1257)
FN:1491,(anonymous_1258)
FN:1491,(anonymous_1259)
FN:1491,A
FN:1491,(anonymous_1261)
FN:1491,(anonymous_1262)
FN:1491,k
FN:1491,(anonymous_1264)
FN:1491,P
FN:1491,(anonymous_1266)
FN:1491,(anonymous_1267)
FN:1491,R
FN:1491,(anonymous_1269)
FN:1491,x
FN:1491,(anonymous_1271)
FN:1491,(anonymous_1272)
FN:1491,D
FN:1491,(anonymous_1274)
FN:1491,L
FN:1491,(anonymous_1276)
FN:1491,(anonymous_1277)
FN:1491,(anonymous_1278)
FN:1491,(anonymous_1279)
FN:1491,(anonymous_1280)
FN:1491,(anonymous_1281)
FN:1491,(anonymous_1282)
FN:1491,(anonymous_1283)
FN:1491,(anonymous_1284)
FN:1491,(anonymous_1285)
FN:1491,(anonymous_1286)
FN:1491,(anonymous_1287)
FN:1491,(anonymous_1288)
FN:1491,(anonymous_1289)
FN:1491,(anonymous_1290)
FN:1491,(anonymous_1291)
FN:1491,(anonymous_1292)
FN:1491,(anonymous_1293)
FN:1491,(anonymous_1294)
FN:1491,(anonymous_1295)
FN:1491,(anonymous_1296)
FN:1491,(anonymous_1297)
FN:1491,(anonymous_1298)
FN:1491,(anonymous_1299)
FN:1491,(anonymous_1300)
FN:1491,(anonymous_1301)
FN:1491,(anonymous_1302)
FN:1491,(anonymous_1303)
FN:1491,(anonymous_1304)
FN:1491,(anonymous_1305)
FN:1491,(anonymous_1306)
FN:1491,(anonymous_1307)
FN:1491,(anonymous_1308)
FN:1491,(anonymous_1309)
FN:1491,(anonymous_1310)
FN:1491,(anonymous_1311)
FN:1491,(anonymous_1312)
FN:1491,(anonymous_1313)
FN:1491,(anonymous_1314)
FN:1491,(anonymous_1315)
FN:1491,(anonymous_1316)
FN:1491,(anonymous_1317)
FN:1491,U
FN:1491,(anonymous_1319)
FN:1491,(anonymous_1320)
FN:1491,V
FN:1491,q
FN:1491,(anonymous_1323)
FN:1491,B
FN:1491,(anonymous_1325)
FN:1491,(anonymous_1326)
FN:1491,r
FN:1491,i
FN:1491,(anonymous_1329)
FN:1491,o
FN:1491,(anonymous_1331)
FN:1491,(anonymous_1332)
FN:1491,(anonymous_1333)
FN:1491,(anonymous_1334)
FN:1491,(anonymous_1335)
FN:1491,(anonymous_1336)
FN:1491,(anonymous_1337)
FN:1491,(anonymous_1338)
FN:1491,(anonymous_1339)
FN:1491,(anonymous_1340)
FN:1491,(anonymous_1341)
FN:1491,(anonymous_1342)
FN:1491,(anonymous_1343)
FN:1491,(anonymous_1344)
FN:1491,(anonymous_1345)
FN:1491,(anonymous_1346)
FN:1491,(anonymous_1347)
FN:1491,(anonymous_1348)
FN:1491,(anonymous_1349)
FN:1491,(anonymous_1350)
FN:1491,(anonymous_1351)
FN:1491,(anonymous_1352)
FN:1491,(anonymous_1353)
FN:1491,r
FN:1491,(anonymous_1355)
FN:1491,(anonymous_1356)
FN:1491,(anonymous_1357)
FN:1491,(anonymous_1358)
FN:1491,(anonymous_1359)
FN:1491,(anonymous_1360)
FN:1491,(anonymous_1361)
FN:1491,(anonymous_1362)
FN:1491,(anonymous_1363)
FN:1491,(anonymous_1364)
FN:1491,(anonymous_1365)
FN:1491,(anonymous_1366)
FN:1491,(anonymous_1367)
FN:1491,(anonymous_1368)
FN:1491,(anonymous_1369)
FN:1491,(anonymous_1370)
FN:1491,(anonymous_1371)
FN:1491,(anonymous_1372)
FN:1491,(anonymous_1373)
FN:1491,(anonymous_1374)
FN:1491,(anonymous_1375)
FN:1491,(anonymous_1376)
FN:1491,(anonymous_1377)
FN:1491,(anonymous_1378)
FN:1491,(anonymous_1379)
FN:1491,(anonymous_1380)
FN:1491,(anonymous_1381)
FN:1491,(anonymous_1382)
FN:1491,(anonymous_1383)
FN:1491,(anonymous_1384)
FN:1491,(anonymous_1385)
FN:1491,(anonymous_1386)
FN:1491,(anonymous_1387)
FN:1491,s
FN:1491,c
FN:1491,(anonymous_1390)
FN:1491,l
FN:1491,(anonymous_1392)
FN:1491,(anonymous_1393)
FN:1491,(anonymous_1394)
FN:1491,(anonymous_1395)
FN:1491,(anonymous_1396)
FN:1491,(anonymous_1397)
FN:1491,(anonymous_1398)
FN:1491,(anonymous_1399)
FN:1491,(anonymous_1400)
FN:1491,(anonymous_1401)
FN:1491,(anonymous_1402)
FN:1491,(anonymous_1403)
FN:1491,(anonymous_1404)
FN:1491,(anonymous_1405)
FN:1491,(anonymous_1406)
FN:1491,(anonymous_1407)
FN:1491,(anonymous_1408)
FN:1491,(anonymous_1409)
FN:1491,(anonymous_1410)
FN:1491,(anonymous_1411)
FN:1491,(anonymous_1412)
FN:1491,(anonymous_1413)
FN:1491,(anonymous_1414)
FN:1491,(anonymous_1415)
FN:1491,(anonymous_1416)
FN:1491,(anonymous_1417)
FN:1491,(anonymous_1418)
FN:1491,(anonymous_1419)
FN:1491,(anonymous_1420)
FN:1491,(anonymous_1421)
FN:1491,(anonymous_1422)
FN:1491,(anonymous_1423)
FN:1491,(anonymous_1424)
FN:1491,(anonymous_1425)
FN:1491,(anonymous_1426)
FN:1491,(anonymous_1427)
FN:1491,(anonymous_1428)
FN:1491,(anonymous_1429)
FN:1491,(anonymous_1430)
FN:1491,(anonymous_1431)
FN:1491,(anonymous_1432)
FN:1491,(anonymous_1433)
FN:1491,(anonymous_1434)
FN:1496,(anonymous_1435)
FN:1496,f
FN:1496,d
FN:1496,(anonymous_1438)
FN:1496,(anonymous_1439)
FN:1496,m
FN:1496,b
FN:1496,_
FN:1496,w
FN:1496,E
FN:1496,O
FN:1496,I
FN:1496,T
FN:1496,(anonymous_1448)
FN:1496,S
FN:1496,(anonymous_1450)
FN:1496,(anonymous_1451)
FN:1496,N
FN:1496,k
FN:1496,P
FN:1496,(anonymous_1455)
FN:1496,x
FN:1496,D
FN:1496,M
FN:1496,F
FN:1496,(anonymous_1460)
FN:1496,V
FN:1496,q
FN:1496,(anonymous_1463)
FN:1496,(anonymous_1464)
FN:1496,u
FN:1496,c
FN:1496,(anonymous_1467)
FN:1496,l
FN:1496,h
FN:1496,B
FN:1496,W
FN:1496,o
FN:1496,s
FN:1496,a
FN:1496,K
FN:1496,r
FN:1496,(anonymous_1477)
FN:1496,(anonymous_1478)
FN:1496,G
FN:1496,H
FN:1496,z
FN:1496,(anonymous_1482)
FN:1496,X
FN:1496,J
FN:1496,nt
FN:1496,a
FN:1496,u
FN:1496,rt
FN:1496,it
FN:1496,at
FN:1496,e
FN:1496,s
FN:1496,h
FN:1496,f
FN:1496,ut
FN:1496,ct
FN:1496,i
FN:1496,o
FN:1496,(anonymous_1499)
FN:1496,s
FN:1496,a
FN:1496,u
FN:1496,c
FN:1496,(anonymous_1504)
FN:1496,(anonymous_1505)
FN:1496,(anonymous_1506)
FN:1496,(anonymous_1507)
FN:1496,(anonymous_1508)
FN:1496,lt
FN:1496,ht
FN:1496,ft
FN:1496,pt
FN:1496,dt
FN:1496,(anonymous_1514)
FN:1496,vt
FN:1496,At
FN:1496,kt
FN:1496,Pt
FN:1496,Rt
FN:1496,xt
FN:1496,Dt
FN:1496,Lt
FN:1496,Mt
FN:1496,Ft
FN:1496,(anonymous_1525)
FN:1496,Ut
FN:1496,(anonymous_1527)
FN:1496,Vt
FN:1496,e
FN:1496,(anonymous_1530)
FN:1496,n
FN:1496,(anonymous_1532)
FN:1496,qt
FN:1496,(anonymous_1534)
FN:1496,(anonymous_1535)
FN:1496,(anonymous_1536)
FN:1496,(anonymous_1537)
FN:1496,Bt
FN:1496,(anonymous_1539)
FN:1496,(anonymous_1540)
FN:1496,Wt
FN:1496,Kt
FN:1496,(anonymous_1543)
FN:1496,(anonymous_1544)
FN:1496,(anonymous_1545)
FN:1496,(anonymous_1546)
FN:1496,l
FN:1496,(anonymous_1548)
FN:1496,(anonymous_1549)
FN:1496,(anonymous_1550)
FN:1496,(anonymous_1551)
FN:1496,zt
FN:1496,Qt
FN:1496,(anonymous_1554)
FN:1496,$t
FN:1496,(anonymous_1556)
FN:1496,(anonymous_1557)
FN:1496,(anonymous_1558)
FN:1496,(anonymous_1559)
FN:1496,(anonymous_1560)
FN:1496,(anonymous_1561)
FN:1496,(anonymous_1562)
FN:1496,(anonymous_1563)
FN:1496,(anonymous_1564)
FN:1496,Jt
FN:1496,ee
FN:1496,(anonymous_1567)
FN:1496,ne
FN:1496,(anonymous_1569)
FN:1496,(anonymous_1570)
FN:1496,(anonymous_1571)
FN:1496,(anonymous_1572)
FN:1496,(anonymous_1573)
FN:1496,(anonymous_1574)
FN:1496,(anonymous_1575)
FN:1496,(anonymous_1576)
FN:1496,(anonymous_1577)
FN:1496,(anonymous_1578)
FN:1496,(anonymous_1579)
FN:1496,(anonymous_1580)
FN:1496,(anonymous_1581)
FN:1496,(anonymous_1582)
FN:1496,(anonymous_1583)
FN:1496,(anonymous_1584)
FN:1496,(anonymous_1585)
FN:1496,(anonymous_1586)
FN:1496,(anonymous_1587)
FN:1496,i
FN:1496,he
FN:1496,(anonymous_1590)
FN:1496,I
FN:1496,T
FN:1496,S
FN:1496,(anonymous_1594)
FN:1496,C
FN:1496,j
FN:1496,N
FN:1496,A
FN:1496,k
FN:1496,P
FN:1496,L
FN:1496,U
FN:1496,(anonymous_1603)
FN:1496,(anonymous_1604)
FN:1496,V
FN:1496,q
FN:1496,(anonymous_1607)
FN:1496,(anonymous_1608)
FN:1496,(anonymous_1609)
FN:1496,(anonymous_1610)
FN:1496,(anonymous_1611)
FN:1496,(anonymous_1612)
FN:1496,(anonymous_1613)
FN:1496,(anonymous_1614)
FN:1496,(anonymous_1615)
FN:1496,B
FN:1496,W
FN:1496,G
FN:1496,(anonymous_1619)
FN:1496,(anonymous_1620)
FN:1496,(anonymous_1621)
FN:1496,Z
FN:1496,(anonymous_1623)
FN:1496,tt
FN:1496,(anonymous_1625)
FN:1496,et
FN:1496,(anonymous_1627)
FN:1496,nt
FN:1496,(anonymous_1629)
FN:1496,(anonymous_1630)
FN:1496,(anonymous_1631)
FN:1496,(anonymous_1632)
FN:1496,(anonymous_1633)
FN:1496,(anonymous_1634)
FN:1496,(anonymous_1635)
FN:1496,(anonymous_1636)
FN:1496,(anonymous_1637)
FN:1496,(anonymous_1638)
FN:1496,fe
FN:1496,(anonymous_1640)
FN:1496,(anonymous_1641)
FN:1496,pe
FN:1496,(anonymous_1643)
FN:1496,(anonymous_1644)
FN:1496,(anonymous_1645)
FN:1496,(anonymous_1646)
FN:1496,(anonymous_1647)
FN:1496,(anonymous_1648)
FN:1496,(anonymous_1649)
FN:1496,(anonymous_1650)
FN:1496,(anonymous_1651)
FN:1496,(anonymous_1652)
FN:1496,(anonymous_1653)
FN:1496,(anonymous_1654)
FN:1496,(anonymous_1655)
FN:1496,(anonymous_1656)
FN:1496,(anonymous_1657)
FN:1496,(anonymous_1658)
FN:1496,(anonymous_1659)
FN:1496,(anonymous_1660)
FN:1496,(anonymous_1661)
FN:1496,(anonymous_1662)
FN:1496,(anonymous_1663)
FN:1496,(anonymous_1664)
FN:1496,(anonymous_1665)
FN:1496,(anonymous_1666)
FN:1496,(anonymous_1667)
FN:1496,(anonymous_1668)
FN:1496,(anonymous_1669)
FN:1496,(anonymous_1670)
FN:1496,(anonymous_1671)
FN:1496,(anonymous_1672)
FN:1496,(anonymous_1673)
FN:1496,(anonymous_1674)
FN:1496,(anonymous_1675)
FN:1496,(anonymous_1676)
FN:1496,(anonymous_1677)
FN:1496,(anonymous_1678)
FN:1496,(anonymous_1679)
FN:1496,(anonymous_1680)
FN:1496,(anonymous_1681)
FN:1496,(anonymous_1682)
FN:1496,(anonymous_1683)
FN:1496,(anonymous_1684)
FN:1496,(anonymous_1685)
FN:1496,c
FN:1496,l
FN:1496,h
FN:1496,p
FN:1496,(anonymous_1690)
FN:1496,d
FN:1496,y
FN:1496,m
FN:1496,b
FN:1496,_
FN:1496,w
FN:1496,(anonymous_1697)
FN:1496,(anonymous_1698)
FN:1496,(anonymous_1699)
FN:1496,(anonymous_1700)
FN:1496,(anonymous_1701)
FN:1496,j
FN:1496,(anonymous_1703)
FN:1496,(anonymous_1704)
FN:1496,(anonymous_1705)
FN:1496,(anonymous_1706)
FN:1496,(anonymous_1707)
FN:1496,k
FN:1496,(anonymous_1709)
FN:1496,P
FN:1496,R
FN:1496,x
FN:1496,(anonymous_1713)
FN:1496,(anonymous_1714)
FN:1496,(anonymous_1715)
FN:1496,(anonymous_1716)
FN:1496,(anonymous_1717)
FN:1496,(anonymous_1718)
FN:1496,B
FN:1496,W
FN:1496,K
FN:1496,G
FN:1496,H
FN:1496,z
FN:1496,Q
FN:1496,$
FN:1496,(anonymous_1727)
FN:1496,(anonymous_1728)
FN:1496,Y
FN:1496,(anonymous_1730)
FN:1496,(anonymous_1731)
FN:1496,(anonymous_1732)
FN:1496,X
FN:1496,(anonymous_1734)
FN:1496,(anonymous_1735)
FN:1496,(anonymous_1736)
FN:1496,(anonymous_1737)
FN:1496,(anonymous_1738)
FN:1496,(anonymous_1739)
FN:1496,(anonymous_1740)
FN:1496,(anonymous_1741)
FN:1496,nt
FN:1496,(anonymous_1743)
FN:1496,(anonymous_1744)
FN:1496,ut
FN:1496,ct
FN:1496,lt
FN:1496,ht
FN:1496,ft
FN:1496,pt
FN:1496,dt
FN:1496,vt
FN:1496,gt
FN:1496,yt
FN:1496,(anonymous_1755)
FN:1496,bt
FN:1496,_t
FN:1496,wt
FN:1496,(anonymous_1759)
FN:1496,(anonymous_1760)
FN:1496,(anonymous_1761)
FN:1496,Ot
FN:1496,It
FN:1496,(anonymous_1764)
FN:1496,(anonymous_1765)
FN:1496,St
FN:1496,(anonymous_1767)
FN:1496,(anonymous_1768)
FN:1496,(anonymous_1769)
FN:1496,jt
FN:1496,(anonymous_1771)
FN:1496,(anonymous_1772)
FN:1496,(anonymous_1773)
FN:1496,(anonymous_1774)
FN:1496,At
FN:1496,Pt
FN:1496,Rt
FN:1496,(anonymous_1778)
FN:1496,xt
FN:1496,Dt
FN:1496,$t
FN:1496,Yt
FN:1496,Xt
FN:1496,Jt
FN:1496,Zt
FN:1496,te
FN:1496,ee
FN:1496,ne
FN:1496,re
FN:1496,(anonymous_1790)
FN:1496,(anonymous_1791)
FN:1496,oe
FN:1496,(anonymous_1793)
FN:1496,se
FN:1496,(anonymous_1795)
FN:1496,ae
FN:1496,(anonymous_1797)
FN:1496,(anonymous_1798)
FN:1496,ue
FN:1496,le
FN:1496,he
FN:1496,fe
FN:1496,(anonymous_1803)
FN:1496,(anonymous_1804)
FN:1496,ve
FN:1496,ge
FN:1496,ye
FN:1496,(anonymous_1808)
FN:1496,be
FN:1496,_e
FN:1496,we
FN:1496,(anonymous_1812)
FN:1496,Ie
FN:1496,Te
FN:1496,(anonymous_1815)
FN:1496,Se
FN:1496,(anonymous_1817)
FN:1496,Ne
FN:1496,Ae
FN:1496,ke
FN:1496,(anonymous_1821)
FN:1496,(anonymous_1822)
FN:1496,Pe
FN:1496,Re
FN:1496,xe
FN:1496,De
FN:1496,Le
FN:1496,(anonymous_1828)
FN:1496,Me
FN:1496,Fe
FN:1496,Ue
FN:1496,Ve
FN:1496,qe
FN:1496,(anonymous_1834)
FN:1496,(anonymous_1835)
FN:1496,(anonymous_1836)
FN:1496,(anonymous_1837)
FN:1496,Ze
FN:1496,tn
FN:1496,(anonymous_1840)
FN:1496,(anonymous_1841)
FN:1496,(anonymous_1842)
FN:1496,(anonymous_1843)
FN:1496,(anonymous_1844)
FN:1496,(anonymous_1845)
FN:1496,(anonymous_1846)
FN:1496,(anonymous_1847)
FN:1496,(anonymous_1848)
FN:1496,(anonymous_1849)
FN:1496,(anonymous_1850)
FN:1496,(anonymous_1851)
FN:1496,(anonymous_1852)
FN:1496,en
FN:1496,(anonymous_1854)
FN:1496,nn
FN:1496,(anonymous_1856)
FN:1496,rn
FN:1496,(anonymous_1858)
FN:1496,(anonymous_1859)
FN:1496,(anonymous_1860)
FN:1496,(anonymous_1861)
FN:1496,(anonymous_1862)
FN:1496,(anonymous_1863)
FN:1496,(anonymous_1864)
FN:1496,un
FN:1496,cn
FN:1496,(anonymous_1867)
FN:1496,(anonymous_1868)
FN:1496,(anonymous_1869)
FN:1496,(anonymous_1870)
FN:1496,(anonymous_1871)
FN:1496,(anonymous_1872)
FN:1496,(anonymous_1873)
FN:1496,ln
FN:1496,hn
FN:1496,fn
FN:1496,pn
FN:1496,(anonymous_1878)
FN:1496,vn
FN:1496,gn
FN:1496,(anonymous_1881)
FN:1496,yn
FN:1496,mn
FN:1496,bn
FN:1496,(anonymous_1885)
FN:1496,_n
FN:1496,(anonymous_1887)
FN:1496,wn
FN:1496,En
FN:1496,(anonymous_1890)
FN:1496,(anonymous_1891)
FN:1496,(anonymous_1892)
FN:1496,(anonymous_1893)
FN:1496,(anonymous_1894)
FN:1496,(anonymous_1895)
FN:1496,(anonymous_1896)
FN:1496,(anonymous_1897)
FN:1496,(anonymous_1898)
FN:1496,(anonymous_1899)
FN:1496,An
FN:1496,kn
FN:1496,Pn
FN:1496,xn
FN:1496,(anonymous_1904)
FN:1496,(anonymous_1905)
FN:1496,(anonymous_1906)
FN:1496,(anonymous_1907)
FN:1496,(anonymous_1908)
FN:1496,(anonymous_1909)
FN:1496,(anonymous_1910)
FN:1496,(anonymous_1911)
FN:1496,(anonymous_1912)
FN:1496,(anonymous_1913)
FN:1496,Dn
FN:1496,Ln
FN:1496,(anonymous_1916)
FN:1496,(anonymous_1917)
FN:1496,(anonymous_1918)
FN:1496,(anonymous_1919)
FN:1496,(anonymous_1920)
FN:1496,qn
FN:1496,Bn
FN:1496,(anonymous_1923)
FN:1496,(anonymous_1924)
FN:1496,(anonymous_1925)
FN:1496,(anonymous_1926)
FN:1496,(anonymous_1927)
FN:1496,(anonymous_1928)
FN:1496,(anonymous_1929)
FN:1496,(anonymous_1930)
FN:1496,(anonymous_1931)
FN:1496,(anonymous_1932)
FN:1496,(anonymous_1933)
FN:1496,(anonymous_1934)
FN:1496,(anonymous_1935)
FN:1496,(anonymous_1936)
FN:1496,(anonymous_1937)
FN:1496,(anonymous_1938)
FN:1496,(anonymous_1939)
FN:1496,(anonymous_1940)
FN:1496,(anonymous_1941)
FN:1496,(anonymous_1942)
FN:1496,(anonymous_1943)
FN:1496,(anonymous_1944)
FN:1496,(anonymous_1945)
FN:1496,(anonymous_1946)
FN:1496,(anonymous_1947)
FN:1496,(anonymous_1948)
FN:1496,(anonymous_1949)
FN:1496,(anonymous_1950)
FN:1496,(anonymous_1951)
FN:1496,(anonymous_1952)
FN:1496,(anonymous_1953)
FN:1496,(anonymous_1954)
FN:1496,(anonymous_1955)
FN:1496,(anonymous_1956)
FN:1496,(anonymous_1957)
FN:1496,(anonymous_1958)
FN:1496,(anonymous_1959)
FN:1496,(anonymous_1960)
FN:1496,(anonymous_1961)
FN:1496,(anonymous_1962)
FN:1496,(anonymous_1963)
FN:1496,(anonymous_1964)
FN:1496,(anonymous_1965)
FN:1496,Wn
FN:1496,Kn
FN:1496,Gn
FN:1496,(anonymous_1969)
FN:1496,(anonymous_1970)
FN:1496,$n
FN:1496,Xn
FN:1496,Jn
FN:1496,or
FN:1496,sr
FN:1496,ur
FN:1496,cr
FN:1496,lr
FN:1496,(anonymous_1979)
FN:1496,(anonymous_1980)
FN:1496,vr
FN:1496,gr
FN:1496,yr
FN:1496,mr
FN:1496,br
FN:1496,_r
FN:1496,wr
FN:1496,Er
FN:1496,Or
FN:1496,Ir
FN:1496,Sr
FN:1496,(anonymous_1992)
FN:1496,(anonymous_1993)
FN:1496,(anonymous_1994)
FN:1496,(anonymous_1995)
FN:1496,(anonymous_1996)
FN:1496,(anonymous_1997)
FN:1496,(anonymous_1998)
FN:1496,Cr
FN:1496,jr
FN:1496,Nr
FN:1496,Ar
FN:1496,kr
FN:1496,Pr
FN:1496,(anonymous_2005)
FN:1496,(anonymous_2006)
FN:1496,Rr
FN:1496,(anonymous_2008)
FN:1496,xr
FN:1496,(anonymous_2010)
FN:1496,Dr
FN:1496,(anonymous_2012)
FN:1496,(anonymous_2013)
FN:1496,(anonymous_2014)
FN:1496,(anonymous_2015)
FN:1496,(anonymous_2016)
FN:1496,(anonymous_2017)
FN:1496,(anonymous_2018)
FN:1496,(anonymous_2019)
FN:1496,(anonymous_2020)
FN:1496,(anonymous_2021)
FN:1496,(anonymous_2022)
FN:1496,(anonymous_2023)
FN:1496,(anonymous_2024)
FN:1496,(anonymous_2025)
FN:1496,(anonymous_2026)
FN:1496,(anonymous_2027)
FN:1496,(anonymous_2028)
FN:1496,(anonymous_2029)
FN:1496,(anonymous_2030)
FN:1496,(anonymous_2031)
FN:1496,(anonymous_2032)
FN:1496,(anonymous_2033)
FN:1496,Br
FN:1496,(anonymous_2035)
FN:1496,(anonymous_2036)
FN:1496,Qr
FN:1496,$r
FN:1496,(anonymous_2039)
FN:1496,Yr
FN:1496,Xr
FN:1496,Jr
FN:1496,(anonymous_2043)
FN:1496,Zr
FN:1496,ti
FN:1496,ei
FN:1496,ni
FN:1496,ri
FN:1496,(anonymous_2049)
FN:1496,(anonymous_2050)
FN:1496,(anonymous_2051)
FN:1496,(anonymous_2052)
FN:1496,(anonymous_2053)
FN:1496,(anonymous_2054)
FN:1496,(anonymous_2055)
FN:1496,(anonymous_2056)
FN:1496,(anonymous_2057)
FN:1496,(anonymous_2058)
FN:1496,(anonymous_2059)
FN:1496,(anonymous_2060)
FN:1496,(anonymous_2061)
FN:1496,hi
FN:1496,fi
FN:1496,di
FN:1496,(anonymous_2065)
FN:1496,yi
FN:1496,bi
FN:1496,_i
FN:1496,(anonymous_2069)
FN:1496,(anonymous_2070)
FN:1496,(anonymous_2071)
FN:1496,Si
FN:1496,Ci
FN:1496,ji
FN:1496,Ai
FN:1496,ki
FN:1496,(anonymous_2077)
FN:1496,Pi
FN:1496,(anonymous_2079)
FN:1496,(anonymous_2080)
FN:1496,(anonymous_2081)
FN:1496,(anonymous_2082)
FN:1496,(anonymous_2083)
FN:1496,Li
FN:1496,(anonymous_2085)
FN:1496,qi
FN:1496,(anonymous_2087)
FN:1496,(anonymous_2088)
FN:1496,(anonymous_2089)
FN:1496,(anonymous_2090)
FN:1496,(anonymous_2091)
FN:1496,(anonymous_2092)
FN:1496,(anonymous_2093)
FN:1496,(anonymous_2094)
FN:1496,(anonymous_2095)
FN:1496,(anonymous_2096)
FN:1496,(anonymous_2097)
FN:1496,(anonymous_2098)
FN:1496,(anonymous_2099)
FN:1496,(anonymous_2100)
FN:1496,Bi
FN:1496,Wi
FN:1496,Ki
FN:1496,(anonymous_2104)
FN:1496,Gi
FN:1496,(anonymous_2106)
FN:1496,Hi
FN:1496,(anonymous_2108)
FN:1496,Qi
FN:1496,(anonymous_2110)
FN:1496,(anonymous_2111)
FN:1496,(anonymous_2112)
FN:1496,(anonymous_2113)
FN:1496,$i
FN:1496,(anonymous_2115)
FN:1496,Yi
FN:1496,(anonymous_2117)
FN:1496,Xi
FN:1496,(anonymous_2119)
FN:1496,(anonymous_2120)
FN:1496,Zi
FN:1496,to
FN:1496,eo
FN:1496,(anonymous_2124)
FN:1496,(anonymous_2125)
FN:1496,(anonymous_2126)
FN:1496,(anonymous_2127)
FN:1496,(anonymous_2128)
FN:1496,(anonymous_2129)
FN:1496,(anonymous_2130)
FN:1496,(anonymous_2131)
FN:1496,(anonymous_2132)
FN:1496,(anonymous_2133)
FN:1496,(anonymous_2134)
FN:1496,(anonymous_2135)
FN:1496,(anonymous_2136)
FN:1496,(anonymous_2137)
FN:1496,(anonymous_2138)
FN:1496,(anonymous_2139)
FN:1496,(anonymous_2140)
FN:1496,(anonymous_2141)
FN:1496,(anonymous_2142)
FN:1496,uo
FN:1496,(anonymous_2144)
FN:1496,(anonymous_2145)
FN:1496,lo
FN:1496,(anonymous_2147)
FN:1496,(anonymous_2148)
FN:1496,(anonymous_2149)
FN:1496,(anonymous_2150)
FN:1496,(anonymous_2151)
FN:1496,(anonymous_2152)
FN:1496,(anonymous_2153)
FN:1496,(anonymous_2154)
FN:1496,(anonymous_2155)
FN:1496,(anonymous_2156)
FN:1496,(anonymous_2157)
FN:1496,(anonymous_2158)
FN:1496,(anonymous_2159)
FN:1496,(anonymous_2160)
FN:1496,(anonymous_2161)
FN:1496,(anonymous_2162)
FN:1496,(anonymous_2163)
FN:1496,(anonymous_2164)
FN:1496,(anonymous_2165)
FN:1496,(anonymous_2166)
FN:1496,(anonymous_2167)
FN:1496,(anonymous_2168)
FN:1496,(anonymous_2169)
FN:1496,(anonymous_2170)
FN:1496,(anonymous_2171)
FN:1496,(anonymous_2172)
FN:1496,(anonymous_2173)
FN:1496,(anonymous_2174)
FN:1496,(anonymous_2175)
FN:1496,(anonymous_2176)
FN:1496,(anonymous_2177)
FN:1496,(anonymous_2178)
FN:1496,(anonymous_2179)
FN:1496,(anonymous_2180)
FN:1496,(anonymous_2181)
FN:1496,(anonymous_2182)
FN:1496,(anonymous_2183)
FN:1496,(anonymous_2184)
FN:1496,(anonymous_2185)
FN:1496,(anonymous_2186)
FN:1496,(anonymous_2187)
FN:1496,(anonymous_2188)
FN:1496,(anonymous_2189)
FN:1496,(anonymous_2190)
FN:1496,(anonymous_2191)
FN:1496,(anonymous_2192)
FN:1496,u
FN:1496,(anonymous_2194)
FN:1496,c
FN:1496,l
FN:1496,g
FN:1496,y
FN:1496,m
FN:1496,(anonymous_2200)
FN:1496,O
FN:1496,(anonymous_2202)
FN:1496,(anonymous_2203)
FN:1496,I
FN:1496,n
FN:1496,(anonymous_2206)
FN:1496,(anonymous_2207)
FN:1496,(anonymous_2208)
FN:1496,(anonymous_2209)
FN:1496,o
FN:1496,o
FN:1496,(anonymous_2212)
FN:1496,T
FN:1496,(anonymous_2214)
FN:1496,S
FN:1496,C
FN:1496,j
FN:1496,N
FN:1496,A
FN:1496,n
FN:1496,k
FN:1496,(anonymous_2222)
FN:1496,(anonymous_2223)
FN:1496,(anonymous_2224)
FN:1496,(anonymous_2225)
FN:1496,(anonymous_2226)
FN:1496,(anonymous_2227)
FN:1496,(anonymous_2228)
FN:1496,(anonymous_2229)
FN:1496,(anonymous_2230)
FN:1496,n
FN:1496,(anonymous_2232)
FN:1496,(anonymous_2233)
FN:1496,(anonymous_2234)
FN:1496,i
FN:1496,(anonymous_2236)
FN:1496,(anonymous_2237)
FN:1496,(anonymous_2238)
FN:1496,(anonymous_2239)
FN:1496,(anonymous_2240)
FN:1496,(anonymous_2241)
FN:1496,(anonymous_2242)
FN:1496,(anonymous_2243)
FN:1496,(anonymous_2244)
FN:1496,(anonymous_2245)
FN:1496,(anonymous_2246)
FN:1496,(anonymous_2247)
FN:1496,(anonymous_2248)
FN:1496,(anonymous_2249)
FN:1511,(anonymous_2250)
FN:1511,(anonymous_2251)
FN:1511,(anonymous_2252)
FN:1511,i
FN:1511,n
FN:1511,(anonymous_2255)
FN:1511,(anonymous_2256)
FN:1511,s
FN:1511,i
FN:1511,(anonymous_2259)
FN:1511,(anonymous_2260)
FN:1511,s
FN:1511,a
FN:1511,u
FN:1511,a
FN:1511,(anonymous_2265)
FN:1511,(anonymous_2266)
FN:1511,a
FN:1511,(anonymous_2268)
FN:1511,u
FN:1511,u
FN:1511,(anonymous_2271)
FN:1511,c
FN:1511,l
FN:1511,h
FN:1511,(anonymous_2275)
FN:1511,(anonymous_2276)
FN:1511,(anonymous_2277)
FN:1511,(anonymous_2278)
FN:1511,(anonymous_2279)
FN:1511,e
FN:1511,n
FN:1511,(anonymous_2282)
FN:1511,(anonymous_2283)
FN:1511,(anonymous_2284)
FN:1511,r
FN:1511,(anonymous_2286)
FN:1511,i
FN:1511,(anonymous_2288)
FN:1511,o
FN:1511,(anonymous_2290)
FN:1511,(anonymous_2291)
FN:1511,(anonymous_2292)
FN:1511,s
FN:1511,(anonymous_2294)
FN:1511,(anonymous_2295)
FN:1511,a
FN:1511,(anonymous_2297)
FN:1511,(anonymous_2298)
FN:1511,u
FN:1511,(anonymous_2300)
FN:1511,(anonymous_2301)
FN:1511,c
FN:1511,l
FN:1511,h
FN:1511,f
FN:1511,(anonymous_2306)
FN:1511,(anonymous_2307)
FN:1511,(anonymous_2308)
FN:1511,(anonymous_2309)
FN:1511,p
FN:1511,d
FN:1511,v
FN:1511,(anonymous_2313)
FN:1511,(anonymous_2314)
FN:1511,g
FN:1511,(anonymous_2316)
FN:1511,(anonymous_2317)
FN:1511,(anonymous_2318)
FN:1511,(anonymous_2319)
FN:1511,(anonymous_2320)
FN:1511,(anonymous_2321)
FN:1511,(anonymous_2322)
FN:1511,(anonymous_2323)
FN:1511,(anonymous_2324)
FN:1511,(anonymous_2325)
FN:1511,(anonymous_2326)
FN:1511,(anonymous_2327)
FN:1511,(anonymous_2328)
FN:1511,(anonymous_2329)
FN:1511,(anonymous_2330)
FN:1511,(anonymous_2331)
FN:1511,(anonymous_2332)
FN:1511,(anonymous_2333)
FN:1511,(anonymous_2334)
FN:1511,(anonymous_2335)
FN:1511,(anonymous_2336)
FN:1511,i
FN:1511,(anonymous_2338)
FN:1511,(anonymous_2339)
FN:1511,(anonymous_2340)
FN:1511,(anonymous_2341)
FN:1511,(anonymous_2342)
FN:1511,(anonymous_2343)
FN:1511,(anonymous_2344)
FN:1511,(anonymous_2345)
FN:1511,(anonymous_2346)
FN:1511,(anonymous_2347)
FN:1511,(anonymous_2348)
FN:1511,(anonymous_2349)
FN:1511,(anonymous_2350)
FN:1511,(anonymous_2351)
FN:1511,(anonymous_2352)
FN:1511,(anonymous_2353)
FN:1511,(anonymous_2354)
FN:1511,(anonymous_2355)
FN:1511,(anonymous_2356)
FN:1511,(anonymous_2357)
FN:1511,(anonymous_2358)
FN:1511,(anonymous_2359)
FN:1511,(anonymous_2360)
FN:1511,(anonymous_2361)
FN:1511,(anonymous_2362)
FN:1511,(anonymous_2363)
FN:1511,(anonymous_2364)
FN:1511,(anonymous_2365)
FN:1511,(anonymous_2366)
FN:1511,(anonymous_2367)
FN:1511,(anonymous_2368)
FN:1511,(anonymous_2369)
FN:1511,(anonymous_2370)
FN:1511,(anonymous_2371)
FN:1511,(anonymous_2372)
FN:1511,(anonymous_2373)
FN:1511,(anonymous_2374)
FN:1511,(anonymous_2375)
FN:1511,(anonymous_2376)
FN:1511,(anonymous_2377)
FN:1511,(anonymous_2378)
FN:1511,(anonymous_2379)
FN:1511,(anonymous_2380)
FN:1511,(anonymous_2381)
FN:1511,(anonymous_2382)
FN:1511,(anonymous_2383)
FN:1511,(anonymous_2384)
FN:1511,(anonymous_2385)
FN:1511,(anonymous_2386)
FN:1511,(anonymous_2387)
FN:1511,(anonymous_2388)
FN:1511,(anonymous_2389)
FN:1511,(anonymous_2390)
FN:1511,(anonymous_2391)
FN:1511,(anonymous_2392)
FN:1511,(anonymous_2393)
FN:1511,(anonymous_2394)
FN:1511,(anonymous_2395)
FN:1511,(anonymous_2396)
FN:1511,(anonymous_2397)
FN:1511,(anonymous_2398)
FN:1511,(anonymous_2399)
FN:1511,(anonymous_2400)
FN:1511,(anonymous_2401)
FN:1511,(anonymous_2402)
FN:1511,(anonymous_2403)
FN:1511,(anonymous_2404)
FN:1511,(anonymous_2405)
FN:1511,(anonymous_2406)
FN:1511,(anonymous_2407)
FN:1511,(anonymous_2408)
FN:1511,(anonymous_2409)
FN:1511,(anonymous_2410)
FN:1511,(anonymous_2411)
FN:1511,(anonymous_2412)
FN:1511,(anonymous_2413)
FN:1511,(anonymous_2414)
FN:1511,(anonymous_2415)
FN:1511,(anonymous_2416)
FN:1511,(anonymous_2417)
FN:1511,(anonymous_2418)
FN:1511,(anonymous_2419)
FN:1511,(anonymous_2420)
FN:1511,(anonymous_2421)
FN:1511,(anonymous_2422)
FN:1511,(anonymous_2423)
FN:1511,(anonymous_2424)
FN:1511,(anonymous_2425)
FN:1511,(anonymous_2426)
FN:1511,(anonymous_2427)
FN:1511,(anonymous_2428)
FN:1511,(anonymous_2429)
FN:1511,(anonymous_2430)
FN:1511,(anonymous_2431)
FN:1511,(anonymous_2432)
FN:1511,(anonymous_2433)
FN:1511,(anonymous_2434)
FN:1511,(anonymous_2435)
FN:1511,(anonymous_2436)
FN:1511,(anonymous_2437)
FN:1511,(anonymous_2438)
FN:1511,(anonymous_2439)
FN:1511,(anonymous_2440)
FN:1511,(anonymous_2441)
FN:1511,(anonymous_2442)
FN:1544,f
FN:1544,p
FN:1544,d
FN:1560,(anonymous_2446)
FN:1560,t
FN:1560,(anonymous_2448)
FN:1560,(anonymous_2449)
FN:1560,(anonymous_2450)
FN:1560,(anonymous_2451)
FN:1560,(anonymous_2452)
FN:1560,(anonymous_2453)
FN:1576,g
FN:1576,y
FN:1576,m
FN:1576,b
FN:1576,_
FN:1576,w
FN:1576,E
FN:1576,O
FN:1576,I
FN:1576,T
FN:1576,S
FN:1576,C
FN:1576,(anonymous_2466)
FN:1576,(anonymous_2467)
FN:1576,(anonymous_2468)
FN:1576,(anonymous_2469)
FN:1576,j
FN:1592,(anonymous_2471)
FN:1592,e
FN:1592,(anonymous_2473)
FN:1592,t
FN:1592,(anonymous_2475)
FN:1592,P
FN:1592,(anonymous_2477)
FN:1608,x
FN:1608,D
FN:1624,(anonymous_2480)
FN:1624,(anonymous_2481)
FN:1624,(anonymous_2482)
FN:1641,U
FN:1641,V
FN:1641,q
FN:1641,B
FN:1657,W
FN:1657,(anonymous_2488)
FN:1657,(anonymous_2489)
FN:1674,(anonymous_2490)
FN:1674,t
FN:1674,(anonymous_2492)
FN:1674,(anonymous_2493)
FN:1674,(anonymous_2494)
FN:1674,(anonymous_2495)
FN:1674,G
FN:1674,(anonymous_2497)
FN:1674,t
FN:1674,(anonymous_2499)
FN:1674,(anonymous_2500)
FN:1674,(anonymous_2501)
FN:1674,(anonymous_2502)
FN:1674,(anonymous_2503)
FN:1674,(anonymous_2504)
FN:1674,(anonymous_2505)
FN:1674,(anonymous_2506)
FN:1674,(anonymous_2507)
FN:1674,(anonymous_2508)
FN:1674,(anonymous_2509)
FN:1674,(anonymous_2510)
FN:1674,(anonymous_2511)
FN:1674,(anonymous_2512)
FN:1674,(anonymous_2513)
FN:1674,(anonymous_2514)
FN:1674,z
FN:1674,Q
FN:1690,(anonymous_2517)
FN:1690,Y
FN:1690,X
FN:1690,J
FN:1706,(anonymous_2521)
FN:1706,(anonymous_2522)
FN:1706,ot
FN:1722,(anonymous_2524)
FN:1722,(anonymous_2525)
FN:1722,(anonymous_2526)
FN:1722,(anonymous_2527)
FN:1737,r
FN:1753,(anonymous_2529)
FN:1753,(anonymous_2530)
FN:1753,(anonymous_2531)
FN:1753,(anonymous_2532)
FN:1753,(anonymous_2533)
FN:1753,(anonymous_2534)
FN:1753,(anonymous_2535)
FN:1753,t
FN:1753,(anonymous_2537)
FN:1753,(anonymous_2538)
FN:1753,(anonymous_2539)
FN:1753,(anonymous_2540)
FN:1753,(anonymous_2541)
FN:1753,(anonymous_2542)
FN:1753,(anonymous_2543)
FN:1753,(anonymous_2544)
FN:1753,(anonymous_2545)
FN:1753,(anonymous_2546)
FN:1753,(anonymous_2547)
FN:1753,(anonymous_2548)
FN:1753,f
FN:1753,(anonymous_2550)
FN:1753,p
FN:1753,(anonymous_2552)
FN:1753,(anonymous_2553)
FN:1753,(anonymous_2554)
FN:1753,(anonymous_2555)
FN:1753,(anonymous_2556)
FN:1753,(anonymous_2557)
FN:1753,(anonymous_2558)
FN:1753,(anonymous_2559)
FN:1753,(anonymous_2560)
FN:1753,(anonymous_2561)
FN:1753,(anonymous_2562)
FN:1753,(anonymous_2563)
FN:1753,(anonymous_2564)
FN:1753,(anonymous_2565)
FN:1753,(anonymous_2566)
FN:1753,(anonymous_2567)
FN:1753,(anonymous_2568)
FN:1753,(anonymous_2569)
FN:1753,(anonymous_2570)
FN:1753,(anonymous_2571)
FN:1753,(anonymous_2572)
FN:1753,(anonymous_2573)
FN:1753,(anonymous_2574)
FN:1753,(anonymous_2575)
FN:1753,(anonymous_2576)
FN:1753,(anonymous_2577)
FN:1753,(anonymous_2578)
FN:1753,(anonymous_2579)
FN:1753,(anonymous_2580)
FN:1753,(anonymous_2581)
FN:1753,(anonymous_2582)
FN:1753,(anonymous_2583)
FN:1753,(anonymous_2584)
FN:1753,(anonymous_2585)
FN:1753,(anonymous_2586)
FN:1753,(anonymous_2587)
FN:1753,i
FN:1753,s
FN:1753,a
FN:1753,(anonymous_2591)
FN:1753,u
FN:1753,(anonymous_2593)
FN:1753,e
FN:1753,n
FN:1753,r
FN:1753,(anonymous_2597)
FN:1753,(anonymous_2598)
FN:1753,(anonymous_2599)
FN:1753,(anonymous_2600)
FN:1753,(anonymous_2601)
FN:1753,(anonymous_2602)
FN:1753,(anonymous_2603)
FN:1753,(anonymous_2604)
FN:1753,t
FN:1753,(anonymous_2606)
FN:1753,(anonymous_2607)
FN:1753,(anonymous_2608)
FN:1753,(anonymous_2609)
FN:1753,(anonymous_2610)
FN:1753,(anonymous_2611)
FN:1753,(anonymous_2612)
FN:1753,(anonymous_2613)
FN:1753,(anonymous_2614)
FN:1753,(anonymous_2615)
FN:1753,r
FN:1753,(anonymous_2617)
FN:1753,(anonymous_2618)
FN:1753,(anonymous_2619)
FN:1753,(anonymous_2620)
FN:1753,n
FN:1753,(anonymous_2622)
FN:1753,(anonymous_2623)
FN:1753,(anonymous_2624)
FN:1753,(anonymous_2625)
FN:1753,(anonymous_2626)
FN:1753,(anonymous_2627)
FN:1753,o
FN:1753,(anonymous_2629)
FN:1753,p
FN:1753,d
FN:1753,v
FN:1753,g
FN:1753,y
FN:1753,m
FN:1753,b
FN:1753,E
FN:1753,O
FN:1753,(anonymous_2639)
FN:1753,(anonymous_2640)
FN:1753,I
FN:1753,T
FN:1753,(anonymous_2643)
FN:1753,C
FN:1753,n
FN:1753,j
FN:1753,N
FN:1753,A
FN:1753,(anonymous_2649)
FN:1753,(anonymous_2650)
FN:1753,D
FN:1753,L
FN:1753,M
FN:1753,F
FN:1753,U
FN:1753,V
FN:1753,q
FN:1753,B
FN:1753,(anonymous_2659)
FN:1753,(anonymous_2660)
FN:1753,(anonymous_2661)
FN:1753,K
FN:1753,G
FN:1753,(anonymous_2664)
FN:1753,(anonymous_2665)
FN:1753,(anonymous_2666)
FN:1753,(anonymous_2667)
FN:1753,(anonymous_2668)
FN:1753,(anonymous_2669)
FN:1753,(anonymous_2670)
FN:1753,Q
FN:1753,(anonymous_2672)
FN:1753,(anonymous_2673)
FN:1753,(anonymous_2674)
FN:1753,(anonymous_2675)
FN:1753,(anonymous_2676)
FN:1753,(anonymous_2677)
FN:1753,J
FN:1753,Z
FN:1753,tt
FN:1753,et
FN:1753,(anonymous_2682)
FN:1753,nt
FN:1753,rt
FN:1753,(anonymous_2685)
FN:1753,(anonymous_2686)
FN:1753,pt
FN:1753,dt
FN:1753,yt
FN:1753,mt
FN:1753,bt
FN:1753,_t
FN:1753,Et
FN:1753,Ot
FN:1753,It
FN:1753,Tt
FN:1753,(anonymous_2697)
FN:1753,(anonymous_2698)
FN:1753,Nt
FN:1753,At
FN:1753,kt
FN:1753,Pt
FN:1753,(anonymous_2703)
FN:1753,(anonymous_2704)
FN:1753,(anonymous_2705)
FN:1753,Lt
FN:1753,Mt
FN:1753,Ft
FN:1753,(anonymous_2709)
FN:1753,(anonymous_2710)
FN:1753,Bt
FN:1753,Wt
FN:1753,Ht
FN:1753,zt
FN:1753,(anonymous_2715)
FN:1753,(anonymous_2716)
FN:1753,$t
FN:1753,Yt
FN:1753,Xt
FN:1753,Jt
FN:1753,Zt
FN:1753,te
FN:1753,ue
FN:1753,(anonymous_2724)
FN:1753,de
FN:1753,(anonymous_2726)
FN:1753,me
FN:1753,be
FN:1753,(anonymous_2729)
FN:1753,Oe
FN:1753,Ie
FN:1753,r
FN:1753,Te
FN:1753,Se
FN:1753,(anonymous_2735)
FN:1753,Ce
FN:1753,(anonymous_2737)
FN:1753,(anonymous_2738)
FN:1753,(anonymous_2739)
FN:1753,(anonymous_2740)
FN:1753,(anonymous_2741)
FN:1753,(anonymous_2742)
FN:1753,je
FN:1753,Ne
FN:1753,(anonymous_2745)
FN:1753,(anonymous_2746)
FN:1753,Pe
FN:1753,Re
FN:1753,(anonymous_2749)
FN:1753,(anonymous_2750)
FN:1753,Me
FN:1753,(anonymous_2752)
FN:1753,(anonymous_2753)
FN:1753,(anonymous_2754)
FN:1753,Ue
FN:1753,Ve
FN:1753,qe
FN:1753,(anonymous_2758)
FN:1753,Be
FN:1753,We
FN:1753,(anonymous_2761)
FN:1753,(anonymous_2762)
FN:1753,(anonymous_2763)
FN:1753,Ke
FN:1753,(anonymous_2765)
FN:1753,(anonymous_2766)
FN:1753,Ge
FN:1753,He
FN:1753,ze
FN:1753,(anonymous_2770)
FN:1753,(anonymous_2771)
FN:1753,(anonymous_2772)
FN:1753,Qe
FN:1753,$e
FN:1753,Ye
FN:1753,o
FN:1753,s
FN:1753,Xe
FN:1753,Je
FN:1753,Ze
FN:1753,tn
FN:1753,en
FN:1753,(anonymous_2783)
FN:1753,(anonymous_2784)
FN:1753,(anonymous_2785)
FN:1753,(anonymous_2786)
FN:1753,(anonymous_2787)
FN:1753,(anonymous_2788)
FN:1753,(anonymous_2789)
FN:1753,(anonymous_2790)
FN:1753,(anonymous_2791)
FN:1753,rn
FN:1753,on
FN:1753,un
FN:1753,(anonymous_2795)
FN:1753,(anonymous_2796)
FN:1753,(anonymous_2797)
FN:1753,(anonymous_2798)
FN:1753,pn
FN:1753,dn
FN:1753,(anonymous_2801)
FN:1753,(anonymous_2802)
FN:1753,(anonymous_2803)
FN:1753,mn
FN:1753,bn
FN:1753,_n
FN:1753,wn
FN:1753,En
FN:1753,(anonymous_2809)
FN:1753,Tn
FN:1753,Sn
FN:1753,Cn
FN:1753,(anonymous_2813)
FN:1753,(anonymous_2814)
FN:1753,jn
FN:1753,Nn
FN:1753,An
FN:1753,kn
FN:1753,Pn
FN:1753,Rn
FN:1753,xn
FN:1753,Dn
FN:1753,Mn
FN:1753,(anonymous_2824)
FN:1753,Fn
FN:1753,Un
FN:1753,Vn
FN:1753,qn
FN:1753,Bn
FN:1753,Wn
FN:1753,(anonymous_2831)
FN:1753,(anonymous_2832)
FN:1753,(anonymous_2833)
FN:1753,Kn
FN:1753,Gn
FN:1753,Hn
FN:1753,zn
FN:1753,Qn
FN:1753,$n
FN:1753,(anonymous_2840)
FN:1753,(anonymous_2841)
FN:1753,(anonymous_2842)
FN:1753,(anonymous_2843)
FN:1753,(anonymous_2844)
FN:1753,(anonymous_2845)
FN:1753,(anonymous_2846)
FN:1753,(anonymous_2847)
FN:1753,(anonymous_2848)
FN:1753,(anonymous_2849)
FN:1753,Xn
FN:1753,Jn
FN:1753,Zn
FN:1753,tr
FN:1753,er
FN:1753,nr
FN:1753,rr
FN:1753,ir
FN:1753,or
FN:1753,sr
FN:1753,ar
FN:1753,ur
FN:1753,(anonymous_2862)
FN:1753,(anonymous_2863)
FN:1753,dr
FN:1753,vr
FN:1753,(anonymous_2866)
FN:1753,gr
FN:1753,yr
FN:1753,mr
FN:1753,br
FN:1753,_r
FN:1753,wr
FN:1753,Er
FN:1753,(anonymous_2874)
FN:1753,Or
FN:1753,Ir
FN:1753,Tr
FN:1753,(anonymous_2878)
FN:1753,(anonymous_2879)
FN:1753,(anonymous_2880)
FN:1753,(anonymous_2881)
FN:1753,(anonymous_2882)
FN:1753,(anonymous_2883)
FN:1753,(anonymous_2884)
FN:1753,(anonymous_2885)
FN:1753,(anonymous_2886)
FN:1753,(anonymous_2887)
FN:1753,jr
FN:1753,(anonymous_2889)
FN:1753,Nr
FN:1753,Ar
FN:1753,kr
FN:1753,Pr
FN:1753,Rr
FN:1753,xr
FN:1753,Dr
FN:1753,Lr
FN:1753,Mr
FN:1753,(anonymous_2899)
FN:1753,n
FN:1753,(anonymous_2901)
FN:1753,Vr
FN:1753,(anonymous_2903)
FN:1753,(anonymous_2904)
FN:1753,(anonymous_2905)
FN:1753,qr
FN:1753,(anonymous_2907)
FN:1753,(anonymous_2908)
FN:1753,(anonymous_2909)
FN:1753,(anonymous_2910)
FN:1753,Br
FN:1753,Wr
FN:1753,Kr
FN:1753,Gr
FN:1753,Hr
FN:1753,zr
FN:1753,Yr
FN:1753,Jr
FN:1753,Zr
FN:1753,ti
FN:1753,ei
FN:1753,ni
FN:1753,ri
FN:1753,ii
FN:1753,oi
FN:1753,si
FN:1753,ai
FN:1753,ui
FN:1753,ci
FN:1753,li
FN:1753,hi
FN:1753,fi
FN:1753,pi
FN:1753,di
FN:1753,(anonymous_2935)
FN:1753,(anonymous_2936)
FN:1753,(anonymous_2937)
FN:1753,vi
FN:1753,gi
FN:1753,yi
FN:1753,mi
FN:1753,bi
FN:1753,(anonymous_2943)
FN:1753,(anonymous_2944)
FN:1753,(anonymous_2945)
FN:1753,(anonymous_2946)
FN:1753,Ei
FN:1753,Ii
FN:1753,Ti
FN:1753,Si
FN:1753,Ci
FN:1753,ji
FN:1753,Ni
FN:1753,Ai
FN:1753,ki
FN:1753,(anonymous_2956)
FN:1753,Li
FN:1753,Mi
FN:1753,(anonymous_2959)
FN:1753,Xi
FN:1753,oo
FN:1753,so
FN:1753,yo
FN:1753,mo
FN:1753,(anonymous_2965)
FN:1753,_o
FN:1753,(anonymous_2967)
FN:1753,wo
FN:1753,n
FN:1753,Eo
FN:1753,Oo
FN:1753,Io
FN:1753,To
FN:1753,(anonymous_2974)
FN:1753,(anonymous_2975)
FN:1753,(anonymous_2976)
FN:1753,No
FN:1753,Ao
FN:1753,Ro
FN:1753,xo
FN:1753,Do
FN:1753,Lo
FN:1753,Mo
FN:1753,Fo
FN:1753,Uo
FN:1753,Vo
FN:1753,Wo
FN:1753,Ko
FN:1753,(anonymous_2989)
FN:1753,(anonymous_2990)
FN:1753,Go
FN:1753,Ho
FN:1753,zo
FN:1753,Qo
FN:1753,$o
FN:1753,Yo
FN:1753,Xo
FN:1753,Jo
FN:1753,Zo
FN:1753,ts
FN:1753,es
FN:1753,ns
FN:1753,rs
FN:1753,is
FN:1753,os
FN:1753,ss
FN:1753,as
FN:1753,us
FN:1753,cs
FN:1753,ls
FN:1753,hs
FN:1753,fs
FN:1753,ps
FN:1753,ds
FN:1753,(anonymous_3015)
FN:1753,vs
FN:1753,gs
FN:1753,ys
FN:1753,ms
FN:1753,bs
FN:1753,_s
FN:1753,ws
FN:1753,Es
FN:1753,(anonymous_3024)
FN:1753,(anonymous_3025)
FN:1753,(anonymous_3026)
FN:1753,(anonymous_3027)
FN:1753,(anonymous_3028)
FN:1753,(anonymous_3029)
FN:1753,(anonymous_3030)
FN:1753,(anonymous_3031)
FN:1753,(anonymous_3032)
FN:1753,(anonymous_3033)
FN:1753,(anonymous_3034)
FN:1753,(anonymous_3035)
FN:1753,(anonymous_3036)
FN:1753,(anonymous_3037)
FN:1753,(anonymous_3038)
FN:1753,(anonymous_3039)
FN:1753,(anonymous_3040)
FN:1753,(anonymous_3041)
FN:1753,(anonymous_3042)
FN:1753,(anonymous_3043)
FN:1753,(anonymous_3044)
FN:1753,(anonymous_3045)
FN:1753,(anonymous_3046)
FN:1753,(anonymous_3047)
FN:1753,(anonymous_3048)
FN:1753,(anonymous_3049)
FN:1753,(anonymous_3050)
FN:1753,(anonymous_3051)
FN:1753,(anonymous_3052)
FN:1753,(anonymous_3053)
FN:1753,(anonymous_3054)
FN:1753,(anonymous_3055)
FN:1753,(anonymous_3056)
FN:1753,(anonymous_3057)
FN:1753,(anonymous_3058)
FN:1753,Ts
FN:1753,(anonymous_3060)
FN:1753,Ss
FN:1753,Cs
FN:1753,js
FN:1753,Ns
FN:1753,As
FN:1753,ks
FN:1753,Ps
FN:1753,Rs
FN:1753,xs
FN:1753,Ds
FN:1753,Ls
FN:1753,(anonymous_3072)
FN:1753,(anonymous_3073)
FN:1753,(anonymous_3074)
FN:1753,(anonymous_3075)
FN:1753,(anonymous_3076)
FN:1753,(anonymous_3077)
FN:1753,(anonymous_3078)
FN:1753,(anonymous_3079)
FN:1753,(anonymous_3080)
FN:1753,(anonymous_3081)
FN:1753,(anonymous_3082)
FN:1753,(anonymous_3083)
FN:1753,(anonymous_3084)
FN:1753,(anonymous_3085)
FN:1753,(anonymous_3086)
FN:1753,(anonymous_3087)
FN:1753,Ms
FN:1753,Fs
FN:1753,(anonymous_3090)
FN:1753,(anonymous_3091)
FN:1753,Ws
FN:1753,(anonymous_3093)
FN:1753,Hs
FN:1753,zs
FN:1753,Qs
FN:1753,$s
FN:1753,(anonymous_3098)
FN:1753,(anonymous_3099)
FN:1753,(anonymous_3100)
FN:1753,Xs
FN:1753,Js
FN:1753,Zs
FN:1753,ta
FN:1753,(anonymous_3105)
FN:1753,(anonymous_3106)
FN:1753,(anonymous_3107)
FN:1753,(anonymous_3108)
FN:1753,(anonymous_3109)
FN:1753,(anonymous_3110)
FN:1753,(anonymous_3111)
FN:1753,(anonymous_3112)
FN:1753,(anonymous_3113)
FN:1753,(anonymous_3114)
FN:1753,(anonymous_3115)
FN:1753,(anonymous_3116)
FN:1753,(anonymous_3117)
FN:1753,ia
FN:1753,(anonymous_3119)
FN:1753,(anonymous_3120)
FN:1753,oa
FN:1753,sa
FN:1753,aa
FN:1753,ua
FN:1753,ca
FN:1753,la
FN:1753,ha
FN:1753,fa
FN:1753,pa
FN:1753,da
FN:1753,va
FN:1753,ga
FN:1753,ya
FN:1753,ma
FN:1753,ba
FN:1753,_a
FN:1753,wa
FN:1753,(anonymous_3138)
FN:1753,Ea
FN:1753,Oa
FN:1753,Ia
FN:1753,Ta
FN:1753,(anonymous_3143)
FN:1753,(anonymous_3144)
FN:1753,(anonymous_3145)
FN:1753,(anonymous_3146)
FN:1753,(anonymous_3147)
FN:1753,(anonymous_3148)
FN:1753,(anonymous_3149)
FN:1753,(anonymous_3150)
FN:1753,(anonymous_3151)
FN:1753,(anonymous_3152)
FN:1753,(anonymous_3153)
FN:1753,(anonymous_3154)
FN:1753,Ca
FN:1753,(anonymous_3156)
FN:1753,(anonymous_3157)
FN:1753,(anonymous_3158)
FN:1753,ja
FN:1753,Na
FN:1753,Aa
FN:1753,(anonymous_3162)
FN:1753,Ra
FN:1753,xa
FN:1753,Da
FN:1753,(anonymous_3166)
FN:1753,(anonymous_3167)
FN:1753,Ba
FN:1753,Wa
FN:1753,Ka
FN:1753,Ga
FN:1753,Ha
FN:1753,(anonymous_3173)
FN:1753,(anonymous_3174)
FN:1753,(anonymous_3175)
FN:1753,(anonymous_3176)
FN:1753,(anonymous_3177)
FN:1753,(anonymous_3178)
FN:1753,(anonymous_3179)
FN:1753,$a
FN:1753,(anonymous_3181)
FN:1753,(anonymous_3182)
FN:1753,Ya
FN:1753,(anonymous_3184)
FN:1753,(anonymous_3185)
FN:1753,Xa
FN:1753,(anonymous_3187)
FN:1753,(anonymous_3188)
FN:1753,Ja
FN:1753,Za
FN:1753,tu
FN:1753,(anonymous_3192)
FN:1753,eu
FN:1753,(anonymous_3194)
FN:1753,nu
FN:1753,ru
FN:1753,(anonymous_3197)
FN:1753,(anonymous_3198)
FN:1753,(anonymous_3199)
FN:1753,(anonymous_3200)
FN:1753,(anonymous_3201)
FN:1753,(anonymous_3202)
FN:1753,(anonymous_3203)
FN:1753,ou
FN:1753,su
FN:1753,(anonymous_3206)
FN:1753,au
FN:1753,uu
FN:1753,(anonymous_3209)
FN:1753,cu
FN:1753,lu
FN:1753,hu
FN:1753,fu
FN:1753,pu
FN:1753,du
FN:1753,vu
FN:1753,gu
FN:1753,(anonymous_3218)
FN:1753,(anonymous_3219)
FN:1753,(anonymous_3220)
FN:1753,(anonymous_3221)
FN:1753,(anonymous_3222)
FN:1753,(anonymous_3223)
FN:1753,(anonymous_3224)
FN:1753,(anonymous_3225)
FN:1753,(anonymous_3226)
FN:1753,(anonymous_3227)
FN:1753,(anonymous_3228)
FN:1753,(anonymous_3229)
FN:1753,(anonymous_3230)
FN:1753,(anonymous_3231)
FN:1753,(anonymous_3232)
FN:1753,(anonymous_3233)
FN:1753,(anonymous_3234)
FN:1753,(anonymous_3235)
FN:1753,(anonymous_3236)
FN:1753,(anonymous_3237)
FN:1753,(anonymous_3238)
FN:1753,(anonymous_3239)
FN:1753,(anonymous_3240)
FN:1753,(anonymous_3241)
FN:1753,(anonymous_3242)
FN:1753,(anonymous_3243)
FN:1753,(anonymous_3244)
FN:1753,(anonymous_3245)
FN:1753,(anonymous_3246)
FN:1753,(anonymous_3247)
FN:1753,Yu
FN:1753,(anonymous_3249)
FN:1753,(anonymous_3250)
FN:1753,(anonymous_3251)
FN:1753,Xu
FN:1753,Ju
FN:1753,Zu
FN:1753,tc
FN:1753,(anonymous_3256)
FN:1753,(anonymous_3257)
FN:1753,(anonymous_3258)
FN:1753,i
FN:1753,(anonymous_3260)
FN:1753,(anonymous_3261)
FN:1753,ec
FN:1753,(anonymous_3263)
FN:1753,(anonymous_3264)
FN:1753,nc
FN:1753,(anonymous_3266)
FN:1753,ac
FN:1753,(anonymous_3268)
FN:1753,n
FN:1753,(anonymous_3270)
FN:1753,(anonymous_3271)
FN:1753,(anonymous_3272)
FN:1753,(anonymous_3273)
FN:1753,uc
FN:1753,cc
FN:1753,lc
FN:1753,hc
FN:1753,fc
FN:1753,(anonymous_3279)
FN:1753,pc
FN:1753,(anonymous_3281)
FN:1753,dc
FN:1753,vc
FN:1753,gc
FN:1753,(anonymous_3285)
FN:1753,yc
FN:1753,(anonymous_3287)
FN:1753,(anonymous_3288)
FN:1753,mc
FN:1753,bc
FN:1753,(anonymous_3291)
FN:1753,(anonymous_3292)
FN:1753,(anonymous_3293)
FN:1753,(anonymous_3294)
FN:1753,(anonymous_3295)
FN:1753,(anonymous_3296)
FN:1753,(anonymous_3297)
FN:1753,(anonymous_3298)
FN:1753,(anonymous_3299)
FN:1753,(anonymous_3300)
FN:1753,(anonymous_3301)
FN:1753,(anonymous_3302)
FN:1753,(anonymous_3303)
FN:1753,(anonymous_3304)
FN:1753,(anonymous_3305)
FN:1753,(anonymous_3306)
FN:1753,(anonymous_3307)
FN:1753,(anonymous_3308)
FN:1753,(anonymous_3309)
FN:1753,(anonymous_3310)
FN:1753,(anonymous_3311)
FN:1753,(anonymous_3312)
FN:1753,(anonymous_3313)
FN:1753,(anonymous_3314)
FN:1753,(anonymous_3315)
FN:1753,(anonymous_3316)
FN:1753,(anonymous_3317)
FN:1753,(anonymous_3318)
FN:1753,(anonymous_3319)
FN:1753,(anonymous_3320)
FN:1753,(anonymous_3321)
FN:1753,(anonymous_3322)
FN:1753,(anonymous_3323)
FN:1753,(anonymous_3324)
FN:1753,Ec
FN:1753,(anonymous_3326)
FN:1753,Oc
FN:1753,Ic
FN:1753,Tc
FN:1753,Sc
FN:1753,(anonymous_3331)
FN:1753,(anonymous_3332)
FN:1753,(anonymous_3333)
FN:1753,(anonymous_3334)
FN:1753,(anonymous_3335)
FN:1753,(anonymous_3336)
FN:1753,Cc
FN:1753,(anonymous_3338)
FN:1753,jc
FN:1753,(anonymous_3340)
FN:1753,(anonymous_3341)
FN:1753,(anonymous_3342)
FN:1753,(anonymous_3343)
FN:1753,(anonymous_3344)
FN:1753,(anonymous_3345)
FN:1753,(anonymous_3346)
FN:1753,Nc
FN:1753,(anonymous_3348)
FN:1753,(anonymous_3349)
FN:1753,(anonymous_3350)
FN:1753,Ac
FN:1753,(anonymous_3352)
FN:1753,(anonymous_3353)
FN:1753,(anonymous_3354)
FN:1753,(anonymous_3355)
FN:1753,(anonymous_3356)
FN:1753,(anonymous_3357)
FN:1753,(anonymous_3358)
FN:1753,kc
FN:1753,Pc
FN:1753,n
FN:1753,(anonymous_3362)
FN:1753,(anonymous_3363)
FN:1753,(anonymous_3364)
FN:1753,Rc
FN:1753,xc
FN:1753,Dc
FN:1753,Lc
FN:1753,(anonymous_3369)
FN:1753,(anonymous_3370)
FN:1753,(anonymous_3371)
FN:1753,Mc
FN:1753,(anonymous_3373)
FN:1753,(anonymous_3374)
FN:1753,Fc
FN:1753,(anonymous_3376)
FN:1753,(anonymous_3377)
FN:1753,(anonymous_3378)
FN:1753,(anonymous_3379)
FN:1753,(anonymous_3380)
FN:1753,Uc
FN:1753,e
FN:1753,(anonymous_3383)
FN:1753,(anonymous_3384)
FN:1753,(anonymous_3385)
FN:1753,(anonymous_3386)
FN:1753,(anonymous_3387)
FN:1753,Vc
FN:1753,qc
FN:1753,(anonymous_3390)
FN:1753,(anonymous_3391)
FN:1753,(anonymous_3392)
FN:1753,(anonymous_3393)
FN:1753,(anonymous_3394)
FN:1753,(anonymous_3395)
FN:1753,(anonymous_3396)
FN:1753,(anonymous_3397)
FN:1753,Bc
FN:1753,Wc
FN:1753,Kc
FN:1753,Gc
FN:1753,Hc
FN:1753,zc
FN:1753,Qc
FN:1753,$c
FN:1753,Yc
FN:1753,(anonymous_3407)
FN:1753,(anonymous_3408)
FN:1753,(anonymous_3409)
FN:1753,(anonymous_3410)
FN:1753,(anonymous_3411)
FN:1753,(anonymous_3412)
FN:1753,(anonymous_3413)
FN:1753,(anonymous_3414)
FN:1753,(anonymous_3415)
FN:1753,(anonymous_3416)
FN:1753,(anonymous_3417)
FN:1753,(anonymous_3418)
FN:1753,(anonymous_3419)
FN:1753,(anonymous_3420)
FN:1753,(anonymous_3421)
FN:1753,(anonymous_3422)
FN:1753,(anonymous_3423)
FN:1753,(anonymous_3424)
FN:1753,(anonymous_3425)
FN:1753,(anonymous_3426)
FN:1753,(anonymous_3427)
FN:1753,(anonymous_3428)
FN:1753,(anonymous_3429)
FN:1753,(anonymous_3430)
FN:1753,(anonymous_3431)
FN:1753,(anonymous_3432)
FN:1753,(anonymous_3433)
FN:1753,(anonymous_3434)
FN:1753,(anonymous_3435)
FN:1753,(anonymous_3436)
FN:1753,(anonymous_3437)
FN:1753,(anonymous_3438)
FN:1753,(anonymous_3439)
FN:1753,(anonymous_3440)
FN:1753,(anonymous_3441)
FN:1753,(anonymous_3442)
FN:1753,(anonymous_3443)
FN:1753,(anonymous_3444)
FN:1753,(anonymous_3445)
FN:1753,(anonymous_3446)
FN:1753,(anonymous_3447)
FN:1753,(anonymous_3448)
FN:1753,(anonymous_3449)
FN:1753,(anonymous_3450)
FN:1753,(anonymous_3451)
FN:1753,(anonymous_3452)
FN:1753,(anonymous_3453)
FN:1753,(anonymous_3454)
FN:1753,(anonymous_3455)
FN:1753,(anonymous_3456)
FN:1753,(anonymous_3457)
FN:1753,(anonymous_3458)
FN:1753,(anonymous_3459)
FN:1753,(anonymous_3460)
FN:1753,(anonymous_3461)
FN:1753,(anonymous_3462)
FN:1753,(anonymous_3463)
FN:1753,(anonymous_3464)
FN:1753,(anonymous_3465)
FN:1753,il
FN:1753,ol
FN:1753,sl
FN:1753,al
FN:1753,ul
FN:1753,cl
FN:1753,(anonymous_3472)
FN:1753,ll
FN:1753,hl
FN:1753,(anonymous_3475)
FN:1753,fl
FN:1753,pl
FN:1753,(anonymous_3478)
FN:1753,(anonymous_3479)
FN:1753,(anonymous_3480)
FN:1753,(anonymous_3481)
FN:1753,(anonymous_3482)
FN:1753,(anonymous_3483)
FN:1753,(anonymous_3484)
FN:1753,(anonymous_3485)
FN:1753,(anonymous_3486)
FN:1753,(anonymous_3487)
FN:1753,(anonymous_3488)
FN:1753,gl
FN:1753,(anonymous_3490)
FN:1753,yl
FN:1753,ml
FN:1753,bl
FN:1753,Tl
FN:1753,Sl
FN:1753,(anonymous_3496)
FN:1753,jl
FN:1753,Al
FN:1753,kl
FN:1753,Pl
FN:1753,Rl
FN:1753,xl
FN:1753,(anonymous_3503)
FN:1753,(anonymous_3504)
FN:1753,(anonymous_3505)
FN:1753,Dl
FN:1753,Ll
FN:1753,(anonymous_3508)
FN:1753,(anonymous_3509)
FN:1753,n
FN:1753,Ml
FN:1753,(anonymous_3512)
FN:1753,(anonymous_3513)
FN:1753,Fl
FN:1753,e
FN:1753,(anonymous_3516)
FN:1753,(anonymous_3517)
FN:1753,(anonymous_3518)
FN:1753,(anonymous_3519)
FN:1753,Ul
FN:1753,(anonymous_3521)
FN:1753,(anonymous_3522)
FN:1753,(anonymous_3523)
FN:1753,(anonymous_3524)
FN:1753,(anonymous_3525)
FN:1753,(anonymous_3526)
FN:1753,(anonymous_3527)
FN:1753,(anonymous_3528)
FN:1753,(anonymous_3529)
FN:1753,(anonymous_3530)
FN:1753,(anonymous_3531)
FN:1753,(anonymous_3532)
FN:1753,(anonymous_3533)
FN:1753,(anonymous_3534)
FN:1753,(anonymous_3535)
FN:1753,(anonymous_3536)
FN:1753,(anonymous_3537)
FN:1753,(anonymous_3538)
FN:1753,(anonymous_3539)
FN:1753,(anonymous_3540)
FN:1753,(anonymous_3541)
FN:1753,(anonymous_3542)
FN:1753,(anonymous_3543)
FN:1753,(anonymous_3544)
FN:1753,ql
FN:1753,Bl
FN:1753,Wl
FN:1753,(anonymous_3548)
FN:1753,Kl
FN:1753,Gl
FN:1753,Hl
FN:1753,(anonymous_3552)
FN:1753,zl
FN:1753,(anonymous_3554)
FN:1753,Ql
FN:1753,(anonymous_3556)
FN:1753,(anonymous_3557)
FN:1753,(anonymous_3558)
FN:1753,(anonymous_3559)
FN:1753,$l
FN:1753,(anonymous_3561)
FN:1753,(anonymous_3562)
FN:1753,(anonymous_3563)
FN:1753,Jl
FN:1753,(anonymous_3565)
FN:1753,(anonymous_3566)
FN:1753,Zl
FN:1753,th
FN:1753,(anonymous_3569)
FN:1753,(anonymous_3570)
FN:1753,(anonymous_3571)
FN:1753,(anonymous_3572)
FN:1753,(anonymous_3573)
FN:1753,(anonymous_3574)
FN:1753,(anonymous_3575)
FN:1753,(anonymous_3576)
FN:1753,eh
FN:1753,(anonymous_3578)
FN:1753,(anonymous_3579)
FN:1753,rh
FN:1753,ih
FN:1753,oh
FN:1753,sh
FN:1753,ah
FN:1753,uh
FN:1753,(anonymous_3586)
FN:1753,(anonymous_3587)
FN:1753,ch
FN:1753,(anonymous_3589)
FN:1753,lh
FN:1753,(anonymous_3591)
FN:1753,hh
FN:1753,fh
FN:1753,(anonymous_3594)
FN:1753,ph
FN:1753,dh
FN:1753,(anonymous_3597)
FN:1753,(anonymous_3598)
FN:1753,vh
FN:1753,(anonymous_3600)
FN:1753,(anonymous_3601)
FN:1753,gh
FN:1753,yh
FN:1753,(anonymous_3604)
FN:1753,mh
FN:1753,bh
FN:1753,(anonymous_3607)
FN:1753,(anonymous_3608)
FN:1753,(anonymous_3609)
FN:1753,(anonymous_3610)
FN:1753,(anonymous_3611)
FN:1753,(anonymous_3612)
FN:1753,(anonymous_3613)
FN:1753,Eh
FN:1753,Oh
FN:1753,Ih
FN:1753,Th
FN:1753,(anonymous_3618)
FN:1753,Sh
FN:1753,(anonymous_3620)
FN:1753,Ch
FN:1753,jh
FN:1753,Nh
FN:1753,Ah
FN:1753,(anonymous_3625)
FN:1753,kh
FN:1753,(anonymous_3627)
FN:1753,Ph
FN:1753,Rh
FN:1753,xh
FN:1753,Dh
FN:1753,(anonymous_3632)
FN:1753,(anonymous_3633)
FN:1753,(anonymous_3634)
FN:1753,(anonymous_3635)
FN:1753,Lh
FN:1753,Mh
FN:1753,Fh
FN:1753,Uh
FN:1753,Vh
FN:1753,(anonymous_3641)
FN:1753,(anonymous_3642)
FN:1753,qh
FN:1753,Bh
FN:1753,Wh
FN:1753,Kh
FN:1753,(anonymous_3647)
FN:1753,(anonymous_3648)
FN:1753,(anonymous_3649)
FN:1753,Gh
FN:1753,Hh
FN:1753,zh
FN:1753,Qh
FN:1753,$h
FN:1753,Yh
FN:1753,(anonymous_3656)
FN:1753,(anonymous_3657)
FN:1753,(anonymous_3658)
FN:1753,Xh
FN:1753,Jh
FN:1753,Zh
FN:1753,tf
FN:1753,(anonymous_3663)
FN:1753,ef
FN:1753,(anonymous_3665)
FN:1753,nf
FN:1753,rf
FN:1753,of
FN:1753,sf
FN:1753,(anonymous_3670)
FN:1753,af
FN:1753,(anonymous_3672)
FN:1753,uf
FN:1753,cf
FN:1753,(anonymous_3675)
FN:1753,lf
FN:1753,hf
FN:1753,(anonymous_3678)
FN:1753,ff
FN:1753,(anonymous_3680)
FN:1753,(anonymous_3681)
FN:1753,pf
FN:1753,df
FN:1753,vf
FN:1753,(anonymous_3685)
FN:1753,gf
FN:1753,(anonymous_3687)
FN:1753,(anonymous_3688)
FN:1753,yf
FN:1753,mf
FN:1753,(anonymous_3691)
FN:1753,bf
FN:1753,(anonymous_3693)
FN:1753,(anonymous_3694)
FN:1753,(anonymous_3695)
FN:1753,(anonymous_3696)
FN:1753,(anonymous_3697)
FN:1753,(anonymous_3698)
FN:1753,(anonymous_3699)
FN:1753,_f
FN:1753,(anonymous_3701)
FN:1753,(anonymous_3702)
FN:1753,(anonymous_3703)
FN:1753,(anonymous_3704)
FN:1753,(anonymous_3705)
FN:1753,(anonymous_3706)
FN:1753,(anonymous_3707)
FN:1753,wf
FN:1753,Ef
[...]
FNDA:0,(anonymous_168)
FNDA:0,(anonymous_169)
FNDA:0,(anonymous_170)
DA:2,0
DA:11,0
DA:25,0
DA:36,0
DA:56,0
DA:57,0
DA:58,0
DA:60,0
DA:66,0
DA:67,0
DA:69,0
DA:81,0
DA:88,0
LF:13
LH:0
BRF:0
BRH:0
end_of_record
TN:
SF:dist/js/webpack:/src/components/FishingSession/FishingSessions.vue?8d7e
FNF:0
FNH:0
DA:6,0
DA:9,0
LF:2
LH:0
BRF:0
BRH:0
end_of_record
TN:
SF:dist/js/webpack:/src/components/FishingSession/FishingSessions.vue?e42d
FN:1,(anonymous_23)
FNF:1
FNH:0
FNDA:0,(anonymous_23)
DA:1,0
LF:1
LH:0
BRF:0
BRH:0
end_of_record
TN:
SF:dist/js/webpack:/src/components/FishingSession/Starting.vue
FN:2,(anonymous_83)
FN:3,(anonymous_84)
FN:5,(anonymous_85)
FN:32,(anonymous_86)
FN:35,(anonymous_87)
FN:49,(anonymous_88)
FN:64,(anonymous_89)
FN:79,(anonymous_90)
FN:85,(anonymous_91)
FN:99,(anonymous_92)
FN:109,(anonymous_93)
FN:122,(anonymous_95)
FN:155,(anonymous_97)
FN:161,(anonymous_98)
FN:178,(anonymous_100)
FN:183,(anonymous_101)
FNF:16
FNH:0
FNDA:0,(anonymous_83)
FNDA:0,(anonymous_84)
FNDA:0,(anonymous_85)
FNDA:0,(anonymous_86)
FNDA:0,(anonymous_87)
FNDA:0,(anonymous_88)
FNDA:0,(anonymous_89)
FNDA:0,(anonymous_90)
FNDA:0,(anonymous_91)
FNDA:0,(anonymous_92)
FNDA:0,(anonymous_93)
FNDA:0,(anonymous_95)
FNDA:0,(anonymous_97)
FNDA:0,(anonymous_98)
FNDA:0,(anonymous_100)
FNDA:0,(anonymous_101)
DA:2,0
DA:3,0
DA:5,0
DA:6,0
DA:18,0
DA:21,0
DA:24,0
DA:32,0
DA:35,0
DA:37,0
DA:38,0
DA:43,0
DA:49,0
DA:53,0
DA:58,0
DA:64,0
DA:68,0
DA:73,0
DA:79,0
DA:84,0
DA:85,0
DA:101,0
DA:111,0
DA:118,0
DA:130,0
DA:131,0
DA:135,0
DA:136,0
DA:137,0
DA:140,0
DA:157,0
DA:162,0
DA:167,0
DA:168,0
DA:170,0
DA:180,0
DA:184,0
DA:189,0
DA:195,0
DA:196,0
DA:201,0
DA:202,0
DA:203,0
DA:208,0
LF:44
LH:0
BRDA:18,0,0,0
BRDA:35,1,0,0
BRDA:35,1,1,0
BRDA:49,2,0,0
BRDA:49,2,1,0
BRDA:64,3,0,0
BRDA:64,3,1,0
BRDA:79,4,0,0
BRDA:79,4,1,0
BRDA:140,5,0,0
BRDA:140,5,1,0
BRDA:189,6,0,0
BRDA:189,6,1,0
BRF:13
BRH:0
end_of_record
TN:
SF:dist/js/webpack:/src/components/FishingSession/Starting.vue?56cc
FNF:0
FNH:0
DA:6,0
DA:9,0
LF:2
LH:0
BRF:0
BRH:0
end_of_record
TN:
SF:dist/js/webpack:/src/components/FishingSession/Starting.vue?8675
FN:1,(anonymous_359)
FNF:1
FNH:0
FNDA:0,(anonymous_359)
DA:1,0
LF:1
LH:0
BRF:0
BRH:0
end_of_record
TN:
SF:dist/js/webpack:/src/components/LayoutElements/StickyNav.vue
FN:2,(anonymous_36)
FN:28,(anonymous_37)
FN:33,(anonymous_38)
FN:41,(anonymous_39)
FN:53,(anonymous_40)
FN:65,(anonymous_41)
FN:94,(anonymous_42)
FN:100,(anonymous_43)
FN:114,(anonymous_44)
FN:121,t
FNF:10
FNH:0
FNDA:0,(anonymous_36)
FNDA:0,(anonymous_37)
FNDA:0,(anonymous_38)
FNDA:0,(anonymous_39)
FNDA:0,(anonymous_40)
FNDA:0,(anonymous_41)
FNDA:0,(anonymous_42)
FNDA:0,(anonymous_43)
FNDA:0,(anonymous_44)
FNDA:0,t
DA:2,0
DA:3,0
DA:7,0
DA:9,0
DA:26,0
DA:27,0
DA:28,0
DA:29,0
DA:33,0
DA:34,0
DA:41,0
DA:43,0
DA:53,0
DA:55,0
DA:65,0
DA:67,0
DA:75,0
DA:76,0
DA:78,0
DA:94,0
DA:98,0
DA:106,0
DA:121,0
DA:123,0
DA:126,0
DA:129,0
LF:26
LH:0
BRDA:28,0,0,0
BRDA:28,0,1,0
BRDA:33,1,0,0
BRDA:33,1,1,0
BRDA:38,2,0,0
BRDA:41,3,0,0
BRDA:41,3,1,0
BRDA:53,4,0,0
BRDA:53,4,1,0
BRDA:65,5,0,0
BRDA:65,5,1,0
BRDA:107,6,0,0
BRDA:107,6,1,0
BRDA:121,7,0,0
BRDA:121,7,1,0
BRDA:121,7,2,0
BRDA:121,7,3,0
BRF:17
BRH:0
end_of_record
TN:
SF:dist/js/webpack:/src/components/LayoutElements/StickyNav.vue?0980
FN:1,(anonymous_335)
FNF:1
FNH:0
FNDA:0,(anonymous_335)
DA:1,0
LF:1
LH:0
BRF:0
BRH:0
end_of_record
TN:
SF:dist/js/webpack:/src/components/LayoutElements/StickyNav.vue?e59f
FNF:0
FNH:0
DA:6,0
DA:9,0
LF:2
LH:0
BRF:0
BRH:0
end_of_record
TN:
SF:dist/js/webpack:/src/components/LayoutElements/UserName.vue
FN:2,(anonymous_289)
FN:10,(anonymous_290)
FN:22,(anonymous_291)
FN:27,(anonymous_292)
FN:33,(anonymous_293)
FN:41,(anonymous_294)
FNF:6
FNH:0
FNDA:0,(anonymous_289)
FNDA:0,(anonymous_290)
FNDA:0,(anonymous_291)
FNDA:0,(anonymous_292)
FNDA:0,(anonymous_293)
FNDA:0,(anonymous_294)
DA:2,0
DA:10,0
DA:18,0
DA:24,0
DA:29,0
DA:30,0
DA:34,0
DA:42,0
DA:47,0
LF:9
LH:0
BRDA:35,0,0,0
BRDA:35,0,1,0
BRF:2
BRH:0
end_of_record
TN:
SF:dist/js/webpack:/src/components/LayoutElements/UserName.vue?3510
FNF:0
FNH:0
DA:6,0
DA:9,0
LF:2
LH:0
BRF:0
BRH:0
end_of_record
TN:
SF:dist/js/webpack:/src/components/LayoutElements/UserName.vue?cca9
FN:1,(anonymous_25)
FNF:1
FNH:0
FNDA:0,(anonymous_25)
DA:1,0
LF:1
LH:0
BRF:0
BRH:0
end_of_record
TN:
SF:dist/js/webpack:/src/components/LayoutElements/UserPhoto.vue
FN:2,(anonymous_296)
FN:10,(anonymous_297)
FN:22,(anonymous_298)
FN:31,(anonymous_299)
FN:37,(anonymous_300)
FN:45,(anonymous_301)
FNF:6
FNH:0
FNDA:0,(anonymous_296)
FNDA:0,(anonymous_297)
FNDA:0,(anonymous_298)
FNDA:0,(anonymous_299)
FNDA:0,(anonymous_300)
FNDA:0,(anonymous_301)
DA:2,0
DA:10,0
DA:18,0
DA:24,0
DA:33,0
DA:34,0
DA:38,0
DA:46,0
DA:51,0
LF:9
LH:0
BRDA:25,0,0,0
BRDA:25,0,1,0
BRDA:39,1,0,0
BRDA:39,1,1,0
BRDA:52,2,0,0
BRDA:52,2,1,0
BRF:6
BRH:0
end_of_record
TN:
SF:dist/js/webpack:/src/components/LayoutElements/UserPhoto.vue?a4ac
FN:1,(anonymous_19)
FNF:1
FNH:0
FNDA:0,(anonymous_19)
DA:1,0
LF:1
LH:0
BRF:0
BRH:0
end_of_record
TN:
SF:dist/js/webpack:/src/components/LayoutElements/UserPhoto.vue?e5f3
FNF:0
FNH:0
DA:6,0
DA:9,0
LF:2
LH:0
BRF:0
BRH:0
end_of_record
TN:
SF:dist/js/webpack:/src/components/Settings/ProfileSettings.vue
FN:2,(anonymous_214)
FN:3,(anonymous_215)
FN:4,(anonymous_216)
FN:6,(anonymous_217)
FN:6,(anonymous_218)
FN:17,(anonymous_219)
FN:17,(anonymous_220)
FN:27,(anonymous_221)
FN:40,(anonymous_222)
FN:55,(anonymous_223)
FN:60,(anonymous_224)
FN:60,(anonymous_225)
FN:64,(anonymous_226)
FN:64,(anonymous_227)
FN:76,(anonymous_228)
FN:88,(anonymous_229)
FN:102,(anonymous_231)
FN:113,t
FN:123,(anonymous_235)
FN:129,(anonymous_236)
FN:148,(anonymous_237)
FN:153,t
FN:171,(anonymous_243)
FN:206,(anonymous_245)
FN:220,(anonymous_246)
FN:237,(anonymous_247)
FN:239,(anonymous_248)
FNF:27
FNH:0
FNDA:0,(anonymous_214)
FNDA:0,(anonymous_215)
FNDA:0,(anonymous_216)
FNDA:0,(anonymous_217)
FNDA:0,(anonymous_218)
FNDA:0,(anonymous_219)
FNDA:0,(anonymous_220)
FNDA:0,(anonymous_221)
FNDA:0,(anonymous_222)
FNDA:0,(anonymous_223)
FNDA:0,(anonymous_224)
FNDA:0,(anonymous_225)
FNDA:0,(anonymous_226)
FNDA:0,(anonymous_227)
FNDA:0,(anonymous_228)
FNDA:0,(anonymous_229)
FNDA:0,(anonymous_231)
FNDA:0,t
FNDA:0,(anonymous_235)
FNDA:0,(anonymous_236)
FNDA:0,(anonymous_237)
FNDA:0,t
FNDA:0,(anonymous_243)
FNDA:0,(anonymous_245)
FNDA:0,(anonymous_246)
FNDA:0,(anonymous_247)
FNDA:0,(anonymous_248)
DA:2,0
DA:3,0
DA:4,0
DA:6,0
DA:7,0
DA:8,0
DA:16,0
DA:17,0
DA:27,0
DA:30,0
DA:31,0
DA:34,0
DA:40,0
DA:44,0
DA:49,0
DA:55,0
DA:60,0
DA:64,0
DA:76,0
DA:79,0
DA:90,0
DA:97,0
DA:104,0
DA:113,0
DA:115,0
DA:124,0
DA:131,0
DA:149,0
DA:153,0
DA:155,0
DA:159,0
DA:162,0
DA:163,0
DA:164,0
DA:166,0
DA:167,0
DA:170,0
DA:171,0
DA:172,0
DA:182,0
DA:184,0
DA:187,0
DA:188,0
DA:193,0
DA:194,0
DA:196,0
DA:197,0
DA:199,0
DA:204,0
DA:209,0
DA:211,0
DA:213,0
DA:214,0
DA:216,0
DA:217,0
DA:223,0
DA:226,0
DA:230,0
DA:234,0
DA:239,0
DA:241,0
DA:251,0
LF:62
LH:0
BRDA:6,0,0,0
BRDA:6,0,1,0
BRDA:17,1,0,0
BRDA:17,1,1,0
BRDA:27,2,0,0
BRDA:27,2,1,0
BRDA:40,3,0,0
BRDA:40,3,1,0
BRDA:55,4,0,0
BRDA:55,4,1,0
BRDA:60,5,0,0
BRDA:60,5,1,0
BRDA:64,6,0,0
BRDA:64,6,1,0
BRDA:91,7,0,0
BRDA:91,7,1,0
BRDA:107,8,0,0
BRDA:107,8,1,0
BRDA:113,9,0,0
BRDA:113,9,1,0
BRDA:113,9,2,0
BRDA:113,9,3,0
BRDA:153,10,0,0
BRDA:153,10,1,0
BRDA:153,10,2,0
BRDA:153,10,3,0
BRDA:166,11,0,0
BRDA:166,11,1,0
BRDA:212,12,0,0
BRDA:212,12,1,0
BRDA:224,13,0,0
BRDA:224,13,1,0
BRDA:224,13,2,0
BRF:33
BRH:0
end_of_record
TN:
SF:dist/js/webpack:/src/components/Settings/ProfileSettings.vue?0110
FNF:0
FNH:0
DA:6,0
DA:9,0
LF:2
LH:0
BRF:0
BRH:0
end_of_record
TN:
SF:dist/js/webpack:/src/components/Settings/ProfileSettings.vue?96a1
FN:1,(anonymous_24)
FNF:1
FNH:0
FNDA:0,(anonymous_24)
DA:1,0
LF:1
LH:0
BRF:0
BRH:0
end_of_record
TN:
SF:dist/js/webpack:/src/components/Social/LikeButton.vue
FN:2,Vs
FN:4,(anonymous_311)
FN:18,(anonymous_312)
FN:32,(anonymous_313)
FN:50,(anonymous_316)
FN:56,(anonymous_317)
FN:57,(anonymous_318)
FN:63,(anonymous_319)
FN:75,(anonymous_321)
FN:80,(anonymous_322)
FN:114,(anonymous_325)
FN:130,(anonymous_327)
FN:141,(anonymous_329)
FN:152,(anonymous_331)
FNF:14
FNH:0
FNDA:0,Vs
FNDA:0,(anonymous_311)
FNDA:0,(anonymous_312)
FNDA:0,(anonymous_313)
FNDA:0,(anonymous_316)
FNDA:0,(anonymous_317)
FNDA:0,(anonymous_318)
FNDA:0,(anonymous_319)
FNDA:0,(anonymous_321)
FNDA:0,(anonymous_322)
FNDA:0,(anonymous_325)
FNDA:0,(anonymous_327)
FNDA:0,(anonymous_329)
FNDA:0,(anonymous_331)
DA:2,0
DA:4,0
DA:11,0
DA:18,0
DA:26,0
DA:34,0
DA:38,0
DA:46,0
DA:52,0
DA:54,0
DA:57,0
DA:59,0
DA:64,0
DA:69,0
DA:70,0
DA:72,0
DA:76,0
DA:81,0
DA:86,0
DA:104,0
DA:106,0
DA:115,0
DA:120,0
DA:122,0
DA:131,0
DA:136,0
DA:138,0
DA:142,0
DA:147,0
DA:149,0
DA:153,0
DA:159,0
LF:32
LH:0
BRDA:4,0,0,0
BRDA:4,0,1,0
BRDA:39,1,0,0
BRDA:39,1,1,0
BRDA:76,2,0,0
BRDA:76,2,1,0
BRDA:87,3,0,0
BRDA:87,3,1,0
BRDA:88,4,0,0
BRDA:88,4,1,0
BRDA:159,5,0,0
BRDA:159,5,1,0
BRF:12
BRH:0
end_of_record
TN:
SF:dist/js/webpack:/src/components/Social/LikeButton.vue?7169
FNF:0
FNH:0
DA:4,0
DA:6,0
LF:2
LH:0
BRF:0
BRH:0
end_of_record
TN:
SF:dist/js/webpack:/src/router/index.js
FN:50,(anonymous_287)
FNF:1
FNH:0
FNDA:0,(anonymous_287)
DA:10,0
DA:45,0
DA:50,0
DA:51,0
DA:58,0
LF:5
LH:0
BRDA:52,0,0,0
BRDA:52,0,1,0
BRDA:51,1,0,0
BRDA:51,1,1,0
BRF:4
BRH:0
end_of_record
TN:
SF:dist/js/webpack:/src/store/index.js
FNF:0
FNH:0
DA:5,0
LF:1
LH:0
BRF:0
BRH:0
end_of_record
TN:
SF:dist/js/webpack:/src/store/sessionstates.js
FN:3,(anonymous_251)
FN:15,(anonymous_252)
FN:38,(anonymous_257)
FN:60,(anonymous_262)
FN:69,(anonymous_263)
FN:76,(anonymous_264)
FN:89,(anonymous_266)
FN:98,(anonymous_267)
FNF:8
FNH:0
FNDA:0,(anonymous_251)
FNDA:0,(anonymous_252)
FNDA:0,(anonymous_257)
FNDA:0,(anonymous_262)
FNDA:0,(anonymous_263)
FNDA:0,(anonymous_264)
FNDA:0,(anonymous_266)
FNDA:0,(anonymous_267)
DA:3,0
DA:6,0
DA:17,0
DA:20,0
DA:24,0
DA:28,0
DA:32,0
DA:40,0
DA:44,0
DA:48,0
DA:52,0
DA:56,0
DA:62,0
DA:64,0
DA:70,0
DA:77,0
DA:82,0
DA:84,0
DA:90,0
DA:99,0
DA:104,0
DA:105,0
DA:109,0
DA:110,0
DA:114,0
DA:115,0
LF:26
LH:0
BRDA:71,0,0,0
BRDA:71,0,1,0
BRDA:91,1,0,0
BRDA:91,1,1,0
BRF:4
BRH:0
end_of_record
TN:
SF:dist/js/webpack:/src/store/modules/auth/actions.js
FN:3,(anonymous_275)
FN:4,e
FN:28,(anonymous_278)
FN:40,n
FN:68,t
FNF:5
FNH:0
FNDA:0,(anonymous_275)
FNDA:0,e
FNDA:0,(anonymous_278)
FNDA:0,n
FNDA:0,t
DA:3,0
DA:4,0
DA:6,0
DA:29,0
DA:40,0
DA:42,0
DA:58,0
DA:60,0
DA:68,0
DA:70,0
LF:10
LH:0
BRDA:4,0,0,0
BRDA:4,0,1,0
BRDA:4,0,2,0
BRDA:4,0,3,0
BRDA:4,0,4,0
BRDA:40,1,0,0
BRDA:40,1,1,0
BRDA:40,1,2,0
BRDA:40,1,3,0
BRDA:40,1,4,0
BRDA:60,2,0,0
BRDA:60,2,1,0
BRDA:68,3,0,0
BRDA:68,3,1,0
BRDA:68,3,2,0
BRDA:68,3,3,0
BRF:16
BRH:0
end_of_record
TN:
SF:dist/js/webpack:/src/store/modules/auth/getters.js
FN:1,(anonymous_273)
FNF:1
FNH:0
FNDA:0,(anonymous_273)
DA:1,0
DA:3,0
DA:7,0
LF:3
LH:0
BRF:0
BRH:0
end_of_record
TN:
SF:dist/js/webpack:/src/store/modules/auth/index.js
FN:5,(anonymous_286)
FNF:1
FNH:0
FNDA:0,(anonymous_286)
DA:5,0
DA:7,0
LF:2
LH:0
BRF:0
BRH:0
end_of_record
TN:
SF:dist/js/webpack:/src/store/modules/auth/mutations.js
FN:1,(anonymous_271)
FNF:1
FNH:0
FNDA:0,(anonymous_271)
DA:1,0
DA:3,0
DA:10,0
LF:3
LH:0
BRF:0
BRH:0
end_of_record
TN:
SF:dist/js/webpack:/src/views/ForgotPassword.vue
FN:2,pn
FN:5,(anonymous_206)
FN:14,(anonymous_207)
FN:18,(anonymous_208)
FN:28,(anonymous_209)
FN:36,(anonymous_210)
FN:41,(anonymous_211)
FN:49,(anonymous_212)
FNF:8
FNH:0
FNDA:0,pn
FNDA:0,(anonymous_206)
FNDA:0,(anonymous_207)
FNDA:0,(anonymous_208)
FNDA:0,(anonymous_209)
FNDA:0,(anonymous_210)
FNDA:0,(anonymous_211)
FNDA:0,(anonymous_212)
DA:2,0
DA:5,0
DA:7,0
DA:9,0
DA:14,0
DA:18,0
DA:28,0
DA:30,0
DA:37,0
DA:38,0
DA:42,0
DA:50,0
LF:12
LH:0
BRDA:5,0,0,0
BRDA:5,0,1,0
BRDA:14,1,0,0
BRDA:14,1,1,0
BRF:4
BRH:0
end_of_record
TN:
SF:dist/js/webpack:/src/views/ForgotPassword.vue?26ed
FNF:0
FNH:0
DA:4,0
DA:6,0
LF:2
LH:0
BRF:0
BRH:0
end_of_record
TN:
SF:dist/js/webpack:/src/views/Home.vue
FN:2,(anonymous_35)
FN:31,(anonymous_172)
FNF:2
FNH:0
FNDA:0,(anonymous_35)
FNDA:0,(anonymous_172)
DA:2,0
DA:4,0
DA:6,0
DA:10,0
DA:31,0
DA:38,0
LF:6
LH:0
BRF:0
BRH:0
end_of_record
TN:
SF:dist/js/webpack:/src/views/Home.vue?ab8c
FNF:0
FNH:0
DA:6,0
DA:9,0
LF:2
LH:0
BRF:0
BRH:0
end_of_record
TN:
SF:dist/js/webpack:/src/views/Home.vue?bd31
FN:1,(anonymous_352)
FNF:1
FNH:0
FNDA:0,(anonymous_352)
DA:1,0
LF:1
LH:0
BRF:0
BRH:0
end_of_record
TN:
SF:dist/js/webpack:/src/views/Login.vue
FN:2,Wt
FN:3,(anonymous_186)
FN:16,(anonymous_187)
FN:25,(anonymous_188)
FN:32,(anonymous_189)
FN:37,(anonymous_190)
FN:41,(anonymous_191)
FN:48,(anonymous_192)
FN:61,(anonymous_193)
FN:62,t
FNF:10
FNH:0
FNDA:0,Wt
FNDA:0,(anonymous_186)
FNDA:0,(anonymous_187)
FNDA:0,(anonymous_188)
FNDA:0,(anonymous_189)
FNDA:0,(anonymous_190)
FNDA:0,(anonymous_191)
FNDA:0,(anonymous_192)
FNDA:0,(anonymous_193)
FNDA:0,t
DA:2,0
DA:3,0
DA:4,0
DA:11,0
DA:16,0
DA:20,0
DA:25,0
DA:28,0
DA:32,0
DA:35,0
DA:37,0
DA:40,0
DA:41,0
DA:48,0
DA:50,0
DA:62,0
DA:82,0
LF:17
LH:0
BRDA:3,0,0,0
BRDA:3,0,1,0
BRDA:16,1,0,0
BRDA:16,1,1,0
BRDA:25,2,0,0
BRDA:25,2,1,0
BRDA:28,3,0,0
BRDA:62,4,0,0
BRDA:62,4,1,0
BRDA:62,4,2,0
BRDA:62,4,3,0
BRDA:62,4,4,0
BRDA:62,4,5,0
BRDA:62,4,6,0
BRDA:62,5,0,0
BRDA:62,5,1,0
BRDA:64,6,0,0
BRDA:64,6,1,0
BRF:18
BRH:0
end_of_record
TN:
SF:dist/js/webpack:/src/views/Login.vue?d178
FN:1,(anonymous_337)
FNF:1
FNH:0
FNDA:0,(anonymous_337)
DA:1,0
LF:1
LH:0
BRF:0
BRH:0
end_of_record
TN:
SF:dist/js/webpack:/src/views/Login.vue?e63b
FNF:0
FNH:0
DA:6,0
DA:8,0
LF:2
LH:0
BRF:0
BRH:0
end_of_record
TN:
SF:dist/js/webpack:/src/views/Settings.vue
FN:2,(anonymous_213)
FN:31,(anonymous_250)
FNF:2
FNH:0
FNDA:0,(anonymous_213)
FNDA:0,(anonymous_250)
DA:2,0
DA:4,0
DA:6,0
DA:10,0
DA:31,0
DA:37,0
LF:6
LH:0
BRF:0
BRH:0
end_of_record
TN:
SF:dist/js/webpack:/src/views/Settings.vue?e8e9
FNF:0
FNH:0
DA:6,0
DA:9,0
LF:2
LH:0
BRF:0
BRH:0
end_of_record
TN:
SF:dist/js/webpack:/src/views/Settings.vue?fcb5
FN:1,(anonymous_347)
FNF:1
FNH:0
FNDA:0,(anonymous_347)
DA:1,0
LF:1
LH:0
BRF:0
BRH:0
end_of_record
TN:
SF:dist/js/webpack:/src/views/Signup.vue
FN:2,dn
FN:3,(anonymous_197)
FN:11,(anonymous_198)
FN:20,(anonymous_199)
FN:29,(anonymous_200)
FN:36,(anonymous_201)
FN:42,(anonymous_202)
FN:49,(anonymous_203)
FN:59,(anonymous_204)
FNF:9
FNH:0
FNDA:0,dn
FNDA:0,(anonymous_197)
FNDA:0,(anonymous_198)
FNDA:0,(anonymous_199)
FNDA:0,(anonymous_200)
FNDA:0,(anonymous_201)
FNDA:0,(anonymous_202)
FNDA:0,(anonymous_203)
FNDA:0,(anonymous_204)
DA:2,0
DA:3,0
DA:4,0
DA:6,0
DA:11,0
DA:15,0
DA:20,0
DA:24,0
DA:29,0
DA:32,0
DA:36,0
DA:40,0
DA:42,0
DA:49,0
DA:51,0
DA:63,0
LF:16
LH:0
BRDA:3,0,0,0
BRDA:3,0,1,0
BRDA:11,1,0,0
BRDA:11,1,1,0
BRDA:20,2,0,0
BRDA:20,2,1,0
BRDA:29,3,0,0
BRDA:29,3,1,0
BRDA:32,4,0,0
BRDA:68,5,0,0
BRDA:68,5,1,0
BRDA:63,6,0,0
BRDA:63,6,1,0
BRDA:63,6,2,0
BRDA:63,6,3,0
BRF:15
BRH:0
end_of_record
TN:
SF:dist/js/webpack:/src/views/Signup.vue?c77e
FNF:0
FNH:0
DA:4,0
DA:6,0
LF:2
LH:0
BRF:0
BRH:0
end_of_record
TN:
SF:dist/js/webpack:/src/views/Timeline.vue
FN:2,Dt
FN:4,(anonymous_174)
FN:8,(anonymous_175)
FN:17,(anonymous_177)
FN:27,(anonymous_178)
FN:36,(anonymous_179)
FN:45,(anonymous_181)
FN:52,(anonymous_182)
FN:55,(anonymous_183)
FNF:9
FNH:0
FNDA:0,Dt
FNDA:0,(anonymous_174)
FNDA:0,(anonymous_175)
FNDA:0,(anonymous_177)
FNDA:0,(anonymous_178)
FNDA:0,(anonymous_179)
FNDA:0,(anonymous_181)
FNDA:0,(anonymous_182)
FNDA:0,(anonymous_183)
DA:2,0
DA:4,0
DA:8,0
DA:17,0
DA:27,0
DA:31,0
DA:38,0
DA:42,0
DA:47,0
DA:49,0
DA:53,0
DA:55,0
DA:57,0
DA:76,0
LF:14
LH:0
BRDA:2,0,0,0
BRF:1
BRH:0
end_of_record
TN:
SF:dist/js/webpack:/src/views/Timeline.vue?a193
FNF:0
FNH:0
DA:4,0
DA:6,0
LF:2
LH:0
BRF:0
BRH:0
end_of_record
TN:
SF:dist/js/webpack:/webpack/bootstrap
FN:2,(anonymous_0)
FN:2,t
FN:34,n
FN:65,i
FN:96,(anonymous_4)
FN:103,(anonymous_5)
FN:115,(anonymous_6)
FN:122,(anonymous_7)
FN:127,(anonymous_8)
FN:129,(anonymous_9)
FN:130,(anonymous_10)
FN:136,(anonymous_11)
FNF:12
FNH:0
FNDA:0,(anonymous_0)
FNDA:0,t
FNDA:0,n
FNDA:0,i
FNDA:0,(anonymous_4)
FNDA:0,(anonymous_5)
FNDA:0,(anonymous_6)
FNDA:0,(anonymous_7)
FNDA:0,(anonymous_8)
FNDA:0,(anonymous_9)
FNDA:0,(anonymous_10)
FNDA:0,(anonymous_11)
DA:3,0
DA:4,0
DA:5,0
DA:9,0
DA:10,0
DA:11,0
DA:17,0
DA:18,0
DA:22,0
DA:24,0
DA:25,0
DA:32,0
DA:36,0
DA:37,0
DA:38,0
DA:39,0
DA:40,0
DA:41,0
DA:43,0
DA:49,0
DA:53,0
DA:58,0
DA:62,0
DA:68,0
DA:69,0
DA:72,0
DA:85,0
DA:90,0
DA:97,0
DA:104,0
DA:117,0
DA:118,0
DA:119,0
DA:122,0
DA:123,0
DA:128,0
DA:129,0
DA:130,0
DA:132,0
DA:136,0
DA:141,0
DA:142,0
DA:143,0
DA:145,0
DA:146,0
DA:150,0
LF:46
LH:0
BRDA:12,0,0,0
BRDA:12,0,1,0
BRDA:12,0,2,0
BRDA:18,1,0,0
BRDA:18,1,1,0
BRDA:22,2,0,0
BRDA:22,2,1,0
BRDA:29,3,0,0
BRDA:29,3,1,0
BRDA:41,4,0,0
BRDA:41,4,1,0
BRDA:43,5,0,0
BRDA:43,5,1,0
BRDA:68,6,0,0
BRDA:68,6,1,0
BRDA:97,7,0,0
BRDA:97,7,1,0
BRDA:104,8,0,0
BRDA:104,8,1,0
BRDA:104,8,2,0
BRDA:117,9,0,0
BRDA:117,9,1,0
BRDA:116,10,0,0
BRDA:116,10,1,0
BRDA:118,11,0,0
BRDA:118,11,1,0
BRDA:118,12,0,0
BRDA:118,12,1,0
BRDA:118,12,2,0
BRDA:118,12,3,0
BRDA:122,13,0,0
BRDA:122,13,1,0
BRDA:122,14,0,0
BRDA:122,14,1,0
BRDA:129,15,0,0
BRDA:129,15,1,0
BRDA:128,16,0,0
BRDA:128,16,1,0
BRDA:141,17,0,0
BRDA:141,17,1,0
BRF:40
BRH:0
end_of_record
TN:
SF:src/firebase.js
FNF:0
FNH:0
DA:3,0
DA:14,0
DA:17,0
DA:18,0
LF:4
LH:0
BRF:0
BRH:0
end_of_record
TN:
SF:src/main.js
FNF:0
FNH:0
DA:22,0
DA:28,0
DA:29,0
DA:30,0
DA:31,0
DA:32,0
DA:33,0
DA:34,0
DA:35,0
DA:36,0
DA:38,0
LF:11
LH:0
BRF:0
BRH:0
end_of_record
TN:
SF:src/main_backup.js
FNF:0
FNH:0
DA:9,0
DA:13,0
DA:15,0
DA:17,0
DA:27,0
LF:5
LH:0
BRF:0
BRH:0
end_of_record
TN:
SF:src/router/index.js
FN:50,(anonymous_0)
FNF:1
FNH:0
FNDA:0,(anonymous_0)
DA:10,0
DA:45,0
DA:50,0
DA:51,0
DA:52,0
DA:54,0
LF:6
LH:0
BRDA:51,0,0,0
BRDA:51,0,1,0
BRDA:51,1,0,0
BRDA:51,1,1,0
BRF:4
BRH:0
end_of_record
TN:
SF:src/store/index.js
FNF:0
FNH:0
LF:0
LH:0
BRF:0
BRH:0
end_of_record
TN:
SF:src/store/sessionstates.js
FN:5,(anonymous_0)
FN:16,(anonymous_1)
FN:19,(anonymous_2)
FN:23,(anonymous_3)
FN:27,(anonymous_4)
FN:31,(anonymous_5)
FN:39,(anonymous_6)
FN:43,(anonymous_7)
FN:47,(anonymous_8)
FN:51,(anonymous_9)
FN:55,(anonymous_10)
FN:61,(anonymous_11)
FN:69,(anonymous_12)
FN:76,(anonymous_13)
FN:81,(anonymous_14)
FN:89,(anonymous_15)
FN:98,(anonymous_16)
FN:103,(anonymous_17)
FN:108,(anonymous_18)
FN:113,(anonymous_19)
FNF:20
FNH:0
FNDA:0,(anonymous_0)
FNDA:0,(anonymous_1)
FNDA:0,(anonymous_2)
FNDA:0,(anonymous_3)
FNDA:0,(anonymous_4)
FNDA:0,(anonymous_5)
FNDA:0,(anonymous_6)
FNDA:0,(anonymous_7)
FNDA:0,(anonymous_8)
FNDA:0,(anonymous_9)
FNDA:0,(anonymous_10)
FNDA:0,(anonymous_11)
FNDA:0,(anonymous_12)
FNDA:0,(anonymous_13)
FNDA:0,(anonymous_14)
FNDA:0,(anonymous_15)
FNDA:0,(anonymous_16)
FNDA:0,(anonymous_17)
FNDA:0,(anonymous_18)
FNDA:0,(anonymous_19)
DA:3,0
DA:6,0
DA:17,0
DA:20,0
DA:24,0
DA:28,0
DA:32,0
DA:33,0
DA:34,0
DA:40,0
DA:44,0
DA:48,0
DA:52,0
DA:56,0
DA:62,0
DA:64,0
DA:70,0
DA:71,0
DA:73,0
DA:77,0
DA:82,0
DA:84,0
DA:90,0
DA:91,0
DA:92,0
DA:95,0
DA:99,0
DA:104,0
DA:105,0
DA:109,0
DA:110,0
DA:114,0
DA:115,0
LF:33
LH:0
BRDA:70,0,0,0
BRDA:70,0,1,0
BRDA:90,1,0,0
BRDA:90,1,1,0
BRF:4
BRH:0
end_of_record
TN:
SF:src/store/modules/auth/actions.js
FN:4,(anonymous_0)
FN:28,(anonymous_1)
FN:40,(anonymous_2)
FN:57,(anonymous_3)
FN:68,(anonymous_4)
FNF:5
FNH:0
FNDA:0,(anonymous_0)
FNDA:0,(anonymous_1)
FNDA:0,(anonymous_2)
FNDA:0,(anonymous_3)
FNDA:0,(anonymous_4)
DA:5,0
DA:6,0
DA:10,0
DA:14,0
DA:29,0
DA:32,0
DA:34,0
DA:35,0
DA:36,0
DA:41,0
DA:42,0
DA:46,0
DA:51,0
DA:52,0
DA:53,0
DA:58,0
DA:60,0
DA:61,0
DA:69,0
DA:70,0
DA:71,0
LF:21
LH:0
BRDA:60,0,0,0
BRDA:60,0,1,0
BRF:2
BRH:0
end_of_record
TN:
SF:src/store/modules/auth/getters.js
FN:2,(anonymous_0)
FN:6,(anonymous_1)
FNF:2
FNH:0
FNDA:0,(anonymous_0)
FNDA:0,(anonymous_1)
DA:3,0
DA:7,0
LF:2
LH:0
BRF:0
BRH:0
end_of_record
TN:
SF:src/store/modules/auth/index.js
FN:6,(anonymous_0)
FNF:1
FNH:0
FNDA:0,(anonymous_0)
DA:7,0
LF:1
LH:0
BRF:0
BRH:0
end_of_record
TN:
SF:src/store/modules/auth/mutations.js
FN:2,(anonymous_0)
FN:9,(anonymous_1)
FNF:2
FNH:0
FNDA:0,(anonymous_0)
FNDA:0,(anonymous_1)
DA:3,0
DA:4,0
DA:5,0
DA:6,0
DA:10,0
DA:11,0
LF:6
LH:0
BRF:0
BRH:0
end_of_record
